ARM GAS  C:\Users\igorn\AppData\Local\Temp\ccN4gJbK.s 			page 1


   1              		.cpu cortex-m4
   2              		.arch armv7e-m
   3              		.fpu fpv4-sp-d16
   4              		.eabi_attribute 27, 1
   5              		.eabi_attribute 28, 1
   6              		.eabi_attribute 20, 1
   7              		.eabi_attribute 21, 1
   8              		.eabi_attribute 23, 3
   9              		.eabi_attribute 24, 1
  10              		.eabi_attribute 25, 1
  11              		.eabi_attribute 26, 1
  12              		.eabi_attribute 30, 1
  13              		.eabi_attribute 34, 1
  14              		.eabi_attribute 18, 4
  15              		.file	"NOS_UART.c"
  16              		.text
  17              	.Ltext0:
  18              		.cfi_sections	.debug_frame
  19              		.file 1 "Core/Src/NOS_UART.c"
  20              		.section	.text.NOS_UART_ReceiveReset,"ax",%progbits
  21              		.align	1
  22              		.global	NOS_UART_ReceiveReset
  23              		.syntax unified
  24              		.thumb
  25              		.thumb_func
  27              	NOS_UART_ReceiveReset:
  28              	.LVL0:
  29              	.LFB132:
   1:Core/Src/NOS_UART.c **** #include "NOS_UART.h"
   2:Core/Src/NOS_UART.c **** 
   3:Core/Src/NOS_UART.c **** NOS_UART_Struct* NOS_UART_ReceiveReset(NOS_UART_Struct* data)
   4:Core/Src/NOS_UART.c **** {
  30              		.loc 1 4 1 view -0
  31              		.cfi_startproc
  32              		@ args = 0, pretend = 0, frame = 0
  33              		@ frame_needed = 0, uses_anonymous_args = 0
  34              		@ link register save eliminated.
   5:Core/Src/NOS_UART.c ****     data->lastMessageSize = data->currMessageLenght;
  35              		.loc 1 5 5 view .LVU1
  36              		.loc 1 5 33 is_stmt 0 view .LVU2
  37 0000 B0F82826 		ldrh	r2, [r0, #1576]
  38              		.loc 1 5 27 view .LVU3
  39 0004 A0F82A26 		strh	r2, [r0, #1578]	@ movhi
   6:Core/Src/NOS_UART.c ****     data->rx_buff_ptr = data->rx_buff;
  40              		.loc 1 6 5 is_stmt 1 view .LVU4
  41              		.loc 1 6 25 is_stmt 0 view .LVU5
  42 0008 00F50572 		add	r2, r0, #532
  43              		.loc 1 6 23 view .LVU6
  44 000c C0F81426 		str	r2, [r0, #1556]
   7:Core/Src/NOS_UART.c ****     data->currMessageLenght = 0;
  45              		.loc 1 7 5 is_stmt 1 view .LVU7
  46              		.loc 1 7 29 is_stmt 0 view .LVU8
  47 0010 0022     		movs	r2, #0
  48 0012 A0F82826 		strh	r2, [r0, #1576]	@ movhi
   8:Core/Src/NOS_UART.c ****     data->startReceive = false;
  49              		.loc 1 8 5 is_stmt 1 view .LVU9
  50              		.loc 1 8 24 is_stmt 0 view .LVU10
ARM GAS  C:\Users\igorn\AppData\Local\Temp\ccN4gJbK.s 			page 2


  51 0016 80F83026 		strb	r2, [r0, #1584]
   9:Core/Src/NOS_UART.c ****     data->rx_flag = true;
  52              		.loc 1 9 5 is_stmt 1 view .LVU11
  53              		.loc 1 9 19 is_stmt 0 view .LVU12
  54 001a 0122     		movs	r2, #1
  55 001c 80F82E26 		strb	r2, [r0, #1582]
  10:Core/Src/NOS_UART.c ****     return data;
  56              		.loc 1 10 5 is_stmt 1 view .LVU13
  11:Core/Src/NOS_UART.c **** }
  57              		.loc 1 11 1 is_stmt 0 view .LVU14
  58 0020 7047     		bx	lr
  59              		.cfi_endproc
  60              	.LFE132:
  62              		.section	.text.NOS_UART_ContinueReceive,"ax",%progbits
  63              		.align	1
  64              		.global	NOS_UART_ContinueReceive
  65              		.syntax unified
  66              		.thumb
  67              		.thumb_func
  69              	NOS_UART_ContinueReceive:
  70              	.LVL1:
  71              	.LFB133:
  12:Core/Src/NOS_UART.c **** 
  13:Core/Src/NOS_UART.c **** NOS_UART_Struct* NOS_UART_ContinueReceive(NOS_UART_Struct* data)
  14:Core/Src/NOS_UART.c **** {
  72              		.loc 1 14 1 is_stmt 1 view -0
  73              		.cfi_startproc
  74              		@ args = 0, pretend = 0, frame = 0
  75              		@ frame_needed = 0, uses_anonymous_args = 0
  76              		@ link register save eliminated.
  15:Core/Src/NOS_UART.c ****     data->rx_buff[data->currMessageLenght] = *data->rx_buff_ptr;
  77              		.loc 1 15 5 view .LVU16
  78              		.loc 1 15 23 is_stmt 0 view .LVU17
  79 0000 B0F82816 		ldrh	r1, [r0, #1576]
  80              		.loc 1 15 46 view .LVU18
  81 0004 D0F81426 		ldr	r2, [r0, #1556]
  82 0008 12F801CB 		ldrb	ip, [r2], #1	@ zero_extendqisi2
  83              		.loc 1 15 44 view .LVU19
  84 000c 0144     		add	r1, r1, r0
  85 000e 81F814C2 		strb	ip, [r1, #532]
  16:Core/Src/NOS_UART.c ****     ++data->rx_buff_ptr;
  86              		.loc 1 16 5 is_stmt 1 view .LVU20
  87 0012 C0F81426 		str	r2, [r0, #1556]
  17:Core/Src/NOS_UART.c ****     return data;
  88              		.loc 1 17 5 view .LVU21
  18:Core/Src/NOS_UART.c **** }
  89              		.loc 1 18 1 is_stmt 0 view .LVU22
  90 0016 7047     		bx	lr
  91              		.cfi_endproc
  92              	.LFE133:
  94              		.section	.text.NOS_UART_ReceiveAbort,"ax",%progbits
  95              		.align	1
  96              		.global	NOS_UART_ReceiveAbort
  97              		.syntax unified
  98              		.thumb
  99              		.thumb_func
 101              	NOS_UART_ReceiveAbort:
ARM GAS  C:\Users\igorn\AppData\Local\Temp\ccN4gJbK.s 			page 3


 102              	.LVL2:
 103              	.LFB134:
  19:Core/Src/NOS_UART.c **** 
  20:Core/Src/NOS_UART.c **** void NOS_UART_ReceiveAbort(NOS_UART_Struct* data,UART_HandleTypeDef* uart)
  21:Core/Src/NOS_UART.c **** {
 104              		.loc 1 21 1 is_stmt 1 view -0
 105              		.cfi_startproc
 106              		@ args = 0, pretend = 0, frame = 0
 107              		@ frame_needed = 0, uses_anonymous_args = 0
 108              		.loc 1 21 1 is_stmt 0 view .LVU24
 109 0000 08B5     		push	{r3, lr}
 110              		.cfi_def_cfa_offset 8
 111              		.cfi_offset 3, -8
 112              		.cfi_offset 14, -4
 113 0002 8646     		mov	lr, r0
 114 0004 0846     		mov	r0, r1
 115              	.LVL3:
  22:Core/Src/NOS_UART.c ****     for(int i = 0; i < BUFFER_SIZE; i++)
 116              		.loc 1 22 5 is_stmt 1 view .LVU25
 117              	.LBB2:
 118              		.loc 1 22 9 view .LVU26
 119              		.loc 1 22 13 is_stmt 0 view .LVU27
 120 0006 0023     		movs	r3, #0
 121              		.loc 1 22 5 view .LVU28
 122 0008 06E0     		b	.L4
 123              	.LVL4:
 124              	.L5:
  23:Core/Src/NOS_UART.c ****     {
  24:Core/Src/NOS_UART.c ****         data->rx_buff[i] = 0;
 125              		.loc 1 24 9 is_stmt 1 discriminator 3 view .LVU29
 126              		.loc 1 24 26 is_stmt 0 discriminator 3 view .LVU30
 127 000a 0EEB0302 		add	r2, lr, r3
 128 000e 4FF0000C 		mov	ip, #0
 129 0012 82F814C2 		strb	ip, [r2, #532]
  22:Core/Src/NOS_UART.c ****     for(int i = 0; i < BUFFER_SIZE; i++)
 130              		.loc 1 22 38 is_stmt 1 discriminator 3 view .LVU31
 131 0016 0133     		adds	r3, r3, #1
 132              	.LVL5:
 133              	.L4:
  22:Core/Src/NOS_UART.c ****     for(int i = 0; i < BUFFER_SIZE; i++)
 134              		.loc 1 22 22 discriminator 1 view .LVU32
 135 0018 B3F5806F 		cmp	r3, #1024
 136 001c F5DB     		blt	.L5
 137              	.LBE2:
  25:Core/Src/NOS_UART.c ****     }
  26:Core/Src/NOS_UART.c **** 
  27:Core/Src/NOS_UART.c ****     data->rx_buff_ptr = data->rx_buff;
 138              		.loc 1 27 5 view .LVU33
 139              		.loc 1 27 25 is_stmt 0 view .LVU34
 140 001e 0EF50571 		add	r1, lr, #532
 141              	.LVL6:
 142              		.loc 1 27 23 view .LVU35
 143 0022 CEF81416 		str	r1, [lr, #1556]
  28:Core/Src/NOS_UART.c ****     data->index = 0;
 144              		.loc 1 28 5 is_stmt 1 view .LVU36
 145              		.loc 1 28 17 is_stmt 0 view .LVU37
 146 0026 0023     		movs	r3, #0
ARM GAS  C:\Users\igorn\AppData\Local\Temp\ccN4gJbK.s 			page 4


 147              	.LVL7:
 148              		.loc 1 28 17 view .LVU38
 149 0028 AEF82636 		strh	r3, [lr, #1574]	@ movhi
  29:Core/Src/NOS_UART.c ****     data->currMessageLenght = 0;
 150              		.loc 1 29 5 is_stmt 1 view .LVU39
 151              		.loc 1 29 29 is_stmt 0 view .LVU40
 152 002c AEF82836 		strh	r3, [lr, #1576]	@ movhi
  30:Core/Src/NOS_UART.c ****     data->startReceive = false;
 153              		.loc 1 30 5 is_stmt 1 view .LVU41
 154              		.loc 1 30 24 is_stmt 0 view .LVU42
 155 0030 8EF83036 		strb	r3, [lr, #1584]
  31:Core/Src/NOS_UART.c ****     data->endReceive = false;
 156              		.loc 1 31 5 is_stmt 1 view .LVU43
 157              		.loc 1 31 22 is_stmt 0 view .LVU44
 158 0034 8EF83136 		strb	r3, [lr, #1585]
  32:Core/Src/NOS_UART.c ****     data->bufferCommand = false;
 159              		.loc 1 32 5 is_stmt 1 view .LVU45
 160              		.loc 1 32 25 is_stmt 0 view .LVU46
 161 0038 8EF83236 		strb	r3, [lr, #1586]
  33:Core/Src/NOS_UART.c ****     data->rx_flag = false;
 162              		.loc 1 33 5 is_stmt 1 view .LVU47
 163              		.loc 1 33 19 is_stmt 0 view .LVU48
 164 003c 8EF82E36 		strb	r3, [lr, #1582]
  34:Core/Src/NOS_UART.c ****     data->receiveTimeAbort = 400;
 165              		.loc 1 34 5 is_stmt 1 view .LVU49
 166              		.loc 1 34 28 is_stmt 0 view .LVU50
 167 0040 4FF4C873 		mov	r3, #400
 168 0044 CEF81C36 		str	r3, [lr, #1564]
  35:Core/Src/NOS_UART.c ****     HAL_UART_Receive_IT (uart, data->rx_buff_ptr, 1); 
 169              		.loc 1 35 5 is_stmt 1 view .LVU51
 170 0048 0122     		movs	r2, #1
 171 004a FFF7FEFF 		bl	HAL_UART_Receive_IT
 172              	.LVL8:
  36:Core/Src/NOS_UART.c **** }
 173              		.loc 1 36 1 is_stmt 0 view .LVU52
 174 004e 08BD     		pop	{r3, pc}
 175              		.cfi_endproc
 176              	.LFE134:
 178              		.section	.text.NOS_UART_Timer_Handler,"ax",%progbits
 179              		.align	1
 180              		.global	NOS_UART_Timer_Handler
 181              		.syntax unified
 182              		.thumb
 183              		.thumb_func
 185              	NOS_UART_Timer_Handler:
 186              	.LVL9:
 187              	.LFB135:
  37:Core/Src/NOS_UART.c **** 
  38:Core/Src/NOS_UART.c **** void NOS_UART_Timer_Handler(NOS_UART_Struct* uart)
  39:Core/Src/NOS_UART.c **** {
 188              		.loc 1 39 1 is_stmt 1 view -0
 189              		.cfi_startproc
 190              		@ args = 0, pretend = 0, frame = 0
 191              		@ frame_needed = 0, uses_anonymous_args = 0
 192              		.loc 1 39 1 is_stmt 0 view .LVU54
 193 0000 08B5     		push	{r3, lr}
 194              		.cfi_def_cfa_offset 8
ARM GAS  C:\Users\igorn\AppData\Local\Temp\ccN4gJbK.s 			page 5


 195              		.cfi_offset 3, -8
 196              		.cfi_offset 14, -4
  40:Core/Src/NOS_UART.c ****     uart->lastReceivedByteTime++;
 197              		.loc 1 40 5 is_stmt 1 view .LVU55
 198              		.loc 1 40 9 is_stmt 0 view .LVU56
 199 0002 D0F82036 		ldr	r3, [r0, #1568]
 200              		.loc 1 40 31 view .LVU57
 201 0006 0133     		adds	r3, r3, #1
 202 0008 C0F82036 		str	r3, [r0, #1568]
  41:Core/Src/NOS_UART.c **** 
  42:Core/Src/NOS_UART.c ****     if(uart->startReceive)
 203              		.loc 1 42 5 is_stmt 1 view .LVU58
 204              		.loc 1 42 12 is_stmt 0 view .LVU59
 205 000c 90F83026 		ldrb	r2, [r0, #1584]	@ zero_extendqisi2
 206              		.loc 1 42 7 view .LVU60
 207 0010 22B1     		cbz	r2, .L8
  43:Core/Src/NOS_UART.c ****     {
  44:Core/Src/NOS_UART.c ****         uart->receiveTime++;
 208              		.loc 1 44 9 is_stmt 1 view .LVU61
 209              		.loc 1 44 13 is_stmt 0 view .LVU62
 210 0012 D0F81816 		ldr	r1, [r0, #1560]
 211              		.loc 1 44 26 view .LVU63
 212 0016 0131     		adds	r1, r1, #1
 213 0018 C0F81816 		str	r1, [r0, #1560]
 214              	.L8:
  45:Core/Src/NOS_UART.c ****     }
  46:Core/Src/NOS_UART.c **** 
  47:Core/Src/NOS_UART.c ****     if(uart->startReceive && uart->lastReceivedByteTime > 5)
 215              		.loc 1 47 5 is_stmt 1 view .LVU64
 216              		.loc 1 47 7 is_stmt 0 view .LVU65
 217 001c 0AB1     		cbz	r2, .L7
 218              		.loc 1 47 27 discriminator 1 view .LVU66
 219 001e 052B     		cmp	r3, #5
 220 0020 00D8     		bhi	.L11
 221              	.LVL10:
 222              	.L7:
  48:Core/Src/NOS_UART.c ****     {
  49:Core/Src/NOS_UART.c ****         uart->index = 0;
  50:Core/Src/NOS_UART.c ****         uart->receiveTime = 0;
  51:Core/Src/NOS_UART.c ****         NOS_UART_ReceiveReset(uart);
  52:Core/Src/NOS_UART.c ****     }
  53:Core/Src/NOS_UART.c **** }
 223              		.loc 1 53 1 view .LVU67
 224 0022 08BD     		pop	{r3, pc}
 225              	.LVL11:
 226              	.L11:
  49:Core/Src/NOS_UART.c ****         uart->receiveTime = 0;
 227              		.loc 1 49 9 is_stmt 1 view .LVU68
  49:Core/Src/NOS_UART.c ****         uart->receiveTime = 0;
 228              		.loc 1 49 21 is_stmt 0 view .LVU69
 229 0024 0023     		movs	r3, #0
 230 0026 A0F82636 		strh	r3, [r0, #1574]	@ movhi
  50:Core/Src/NOS_UART.c ****         NOS_UART_ReceiveReset(uart);
 231              		.loc 1 50 9 is_stmt 1 view .LVU70
  50:Core/Src/NOS_UART.c ****         NOS_UART_ReceiveReset(uart);
 232              		.loc 1 50 27 is_stmt 0 view .LVU71
 233 002a C0F81836 		str	r3, [r0, #1560]
ARM GAS  C:\Users\igorn\AppData\Local\Temp\ccN4gJbK.s 			page 6


  51:Core/Src/NOS_UART.c ****     }
 234              		.loc 1 51 9 is_stmt 1 view .LVU72
 235 002e FFF7FEFF 		bl	NOS_UART_ReceiveReset
 236              	.LVL12:
 237              		.loc 1 53 1 is_stmt 0 view .LVU73
 238 0032 F6E7     		b	.L7
 239              		.cfi_endproc
 240              	.LFE135:
 242              		.section	.text.GetCRC16,"ax",%progbits
 243              		.align	1
 244              		.global	GetCRC16
 245              		.syntax unified
 246              		.thumb
 247              		.thumb_func
 249              	GetCRC16:
 250              	.LVL13:
 251              	.LFB136:
  54:Core/Src/NOS_UART.c **** 
  55:Core/Src/NOS_UART.c **** uint16_t GetCRC16(uint8_t *buf, int len)
  56:Core/Src/NOS_UART.c **** {  
 252              		.loc 1 56 1 is_stmt 1 view -0
 253              		.cfi_startproc
 254              		@ args = 0, pretend = 0, frame = 0
 255              		@ frame_needed = 0, uses_anonymous_args = 0
 256              		.loc 1 56 1 is_stmt 0 view .LVU75
 257 0000 00B5     		push	{lr}
 258              		.cfi_def_cfa_offset 4
 259              		.cfi_offset 14, -4
  57:Core/Src/NOS_UART.c ****   unsigned int crc = 0xFFFF;
 260              		.loc 1 57 3 is_stmt 1 view .LVU76
 261              	.LVL14:
  58:Core/Src/NOS_UART.c ****   for (int pos = 0; pos < len; pos++)
 262              		.loc 1 58 3 view .LVU77
 263              	.LBB3:
 264              		.loc 1 58 8 view .LVU78
 265              		.loc 1 58 12 is_stmt 0 view .LVU79
 266 0002 4FF0000E 		mov	lr, #0
 267              	.LBE3:
  57:Core/Src/NOS_UART.c ****   unsigned int crc = 0xFFFF;
 268              		.loc 1 57 16 view .LVU80
 269 0006 4FF6FF73 		movw	r3, #65535
 270              	.LBB6:
 271              		.loc 1 58 3 view .LVU81
 272 000a 0CE0     		b	.L13
 273              	.LVL15:
 274              	.L15:
 275              	.LBB4:
  59:Core/Src/NOS_UART.c ****   {
  60:Core/Src/NOS_UART.c ****   crc ^= (unsigned int)buf[pos];  
  61:Core/Src/NOS_UART.c **** 
  62:Core/Src/NOS_UART.c ****   for (int i = 8; i != 0; i--) {    
  63:Core/Src/NOS_UART.c ****     if ((crc & 0x0001) != 0) {      
  64:Core/Src/NOS_UART.c ****       crc >>= 1;                    
  65:Core/Src/NOS_UART.c ****       crc ^= 0xA001;
  66:Core/Src/NOS_UART.c ****     }
  67:Core/Src/NOS_UART.c ****     else                            
  68:Core/Src/NOS_UART.c ****       crc >>= 1;                    
ARM GAS  C:\Users\igorn\AppData\Local\Temp\ccN4gJbK.s 			page 7


 276              		.loc 1 68 7 is_stmt 1 view .LVU82
 277              		.loc 1 68 11 is_stmt 0 view .LVU83
 278 000c 5B08     		lsrs	r3, r3, #1
 279              	.LVL16:
 280              	.L16:
  62:Core/Src/NOS_UART.c ****     if ((crc & 0x0001) != 0) {      
 281              		.loc 1 62 28 is_stmt 1 discriminator 2 view .LVU84
 282 000e 013A     		subs	r2, r2, #1
 283              	.LVL17:
 284              	.L14:
  62:Core/Src/NOS_UART.c ****     if ((crc & 0x0001) != 0) {      
 285              		.loc 1 62 21 discriminator 1 view .LVU85
 286 0010 3AB1     		cbz	r2, .L20
  63:Core/Src/NOS_UART.c ****       crc >>= 1;                    
 287              		.loc 1 63 5 view .LVU86
  63:Core/Src/NOS_UART.c ****       crc >>= 1;                    
 288              		.loc 1 63 8 is_stmt 0 view .LVU87
 289 0012 13F0010F 		tst	r3, #1
 290 0016 F9D0     		beq	.L15
  64:Core/Src/NOS_UART.c ****       crc ^= 0xA001;
 291              		.loc 1 64 7 is_stmt 1 view .LVU88
 292              	.LVL18:
  65:Core/Src/NOS_UART.c ****     }
 293              		.loc 1 65 7 view .LVU89
  65:Core/Src/NOS_UART.c ****     }
 294              		.loc 1 65 11 is_stmt 0 view .LVU90
 295 0018 4AF2010C 		movw	ip, #40961
 296 001c 8CEA5303 		eor	r3, ip, r3, lsr #1
 297              	.LVL19:
  65:Core/Src/NOS_UART.c ****     }
 298              		.loc 1 65 11 view .LVU91
 299 0020 F5E7     		b	.L16
 300              	.L20:
  65:Core/Src/NOS_UART.c ****     }
 301              		.loc 1 65 11 view .LVU92
 302              	.LBE4:
  58:Core/Src/NOS_UART.c ****   {
 303              		.loc 1 58 35 is_stmt 1 discriminator 2 view .LVU93
 304 0022 0EF1010E 		add	lr, lr, #1
 305              	.LVL20:
 306              	.L13:
  58:Core/Src/NOS_UART.c ****   {
 307              		.loc 1 58 25 discriminator 1 view .LVU94
 308 0026 8E45     		cmp	lr, r1
 309 0028 04DA     		bge	.L21
  60:Core/Src/NOS_UART.c **** 
 310              		.loc 1 60 3 view .LVU95
  60:Core/Src/NOS_UART.c **** 
 311              		.loc 1 60 27 is_stmt 0 view .LVU96
 312 002a 10F80E20 		ldrb	r2, [r0, lr]	@ zero_extendqisi2
  60:Core/Src/NOS_UART.c **** 
 313              		.loc 1 60 7 view .LVU97
 314 002e 5340     		eors	r3, r3, r2
 315              	.LVL21:
  62:Core/Src/NOS_UART.c ****     if ((crc & 0x0001) != 0) {      
 316              		.loc 1 62 3 is_stmt 1 view .LVU98
 317              	.LBB5:
ARM GAS  C:\Users\igorn\AppData\Local\Temp\ccN4gJbK.s 			page 8


  62:Core/Src/NOS_UART.c ****     if ((crc & 0x0001) != 0) {      
 318              		.loc 1 62 8 view .LVU99
  62:Core/Src/NOS_UART.c ****     if ((crc & 0x0001) != 0) {      
 319              		.loc 1 62 12 is_stmt 0 view .LVU100
 320 0030 0822     		movs	r2, #8
  62:Core/Src/NOS_UART.c ****     if ((crc & 0x0001) != 0) {      
 321              		.loc 1 62 3 view .LVU101
 322 0032 EDE7     		b	.L14
 323              	.LVL22:
 324              	.L21:
  62:Core/Src/NOS_UART.c ****     if ((crc & 0x0001) != 0) {      
 325              		.loc 1 62 3 view .LVU102
 326              	.LBE5:
 327              	.LBE6:
  69:Core/Src/NOS_UART.c ****     }
  70:Core/Src/NOS_UART.c ****   }
  71:Core/Src/NOS_UART.c **** 
  72:Core/Src/NOS_UART.c ****   return crc;
 328              		.loc 1 72 3 is_stmt 1 view .LVU103
  73:Core/Src/NOS_UART.c **** }
 329              		.loc 1 73 1 is_stmt 0 view .LVU104
 330 0034 98B2     		uxth	r0, r3
 331              	.LVL23:
 332              		.loc 1 73 1 view .LVU105
 333 0036 5DF804FB 		ldr	pc, [sp], #4
 334              		.cfi_endproc
 335              	.LFE136:
 337              		.section	.text.NOS_UART_ReceiveHandler,"ax",%progbits
 338              		.align	1
 339              		.global	NOS_UART_ReceiveHandler
 340              		.syntax unified
 341              		.thumb
 342              		.thumb_func
 344              	NOS_UART_ReceiveHandler:
 345              	.LVL24:
 346              	.LFB137:
  74:Core/Src/NOS_UART.c **** 
  75:Core/Src/NOS_UART.c **** void NOS_UART_ReceiveHandler(NOS_UART_Struct* data,UART_HandleTypeDef* uart)
  76:Core/Src/NOS_UART.c **** {
 347              		.loc 1 76 1 is_stmt 1 view -0
 348              		.cfi_startproc
 349              		@ args = 0, pretend = 0, frame = 0
 350              		@ frame_needed = 0, uses_anonymous_args = 0
 351              		.loc 1 76 1 is_stmt 0 view .LVU107
 352 0000 10B5     		push	{r4, lr}
 353              		.cfi_def_cfa_offset 8
 354              		.cfi_offset 4, -8
 355              		.cfi_offset 14, -4
 356 0002 0346     		mov	r3, r0
 357 0004 0846     		mov	r0, r1
 358              	.LVL25:
  77:Core/Src/NOS_UART.c ****     data->startReceive = true;
 359              		.loc 1 77 5 is_stmt 1 view .LVU108
 360              		.loc 1 77 24 is_stmt 0 view .LVU109
 361 0006 0122     		movs	r2, #1
 362 0008 83F83026 		strb	r2, [r3, #1584]
  78:Core/Src/NOS_UART.c **** 
ARM GAS  C:\Users\igorn\AppData\Local\Temp\ccN4gJbK.s 			page 9


  79:Core/Src/NOS_UART.c ****     data->lastReceivedByteTime = 0; 
 363              		.loc 1 79 5 is_stmt 1 view .LVU110
 364              		.loc 1 79 32 is_stmt 0 view .LVU111
 365 000c 0021     		movs	r1, #0
 366              	.LVL26:
 367              		.loc 1 79 32 view .LVU112
 368 000e C3F82016 		str	r1, [r3, #1568]
  80:Core/Src/NOS_UART.c ****     data->currMessageLenght++;
 369              		.loc 1 80 5 is_stmt 1 view .LVU113
 370              		.loc 1 80 9 is_stmt 0 view .LVU114
 371 0012 B3F82816 		ldrh	r1, [r3, #1576]
 372              		.loc 1 80 28 view .LVU115
 373 0016 1144     		add	r1, r1, r2
 374 0018 A3F82816 		strh	r1, [r3, #1576]	@ movhi
  81:Core/Src/NOS_UART.c ****     
  82:Core/Src/NOS_UART.c ****     data->rx_buff[data->index] = *data->rx_buff_ptr;
 375              		.loc 1 82 5 is_stmt 1 view .LVU116
 376              		.loc 1 82 23 is_stmt 0 view .LVU117
 377 001c B3F826C6 		ldrh	ip, [r3, #1574]
 378              		.loc 1 82 34 view .LVU118
 379 0020 D3F81416 		ldr	r1, [r3, #1556]
 380 0024 11F8014B 		ldrb	r4, [r1], #1	@ zero_extendqisi2
 381              		.loc 1 82 32 view .LVU119
 382 0028 03EB0C0E 		add	lr, r3, ip
 383 002c 8EF81442 		strb	r4, [lr, #532]
  83:Core/Src/NOS_UART.c ****     ++data->index;
 384              		.loc 1 83 5 is_stmt 1 view .LVU120
 385 0030 9444     		add	ip, ip, r2
 386 0032 A3F826C6 		strh	ip, [r3, #1574]	@ movhi
  84:Core/Src/NOS_UART.c ****     ++data->rx_buff_ptr;
 387              		.loc 1 84 5 view .LVU121
 388 0036 C3F81416 		str	r1, [r3, #1556]
  85:Core/Src/NOS_UART.c ****     
  86:Core/Src/NOS_UART.c ****     HAL_UART_Receive_IT (uart, data->rx_buff_ptr, 1); 
 389              		.loc 1 86 5 view .LVU122
 390 003a FFF7FEFF 		bl	HAL_UART_Receive_IT
 391              	.LVL27:
  87:Core/Src/NOS_UART.c **** }
 392              		.loc 1 87 1 is_stmt 0 view .LVU123
 393 003e 10BD     		pop	{r4, pc}
 394              		.cfi_endproc
 395              	.LFE137:
 397              		.section	.text.NOS_UART_ParsePacket,"ax",%progbits
 398              		.align	1
 399              		.global	NOS_UART_ParsePacket
 400              		.syntax unified
 401              		.thumb
 402              		.thumb_func
 404              	NOS_UART_ParsePacket:
 405              	.LVL28:
 406              	.LFB138:
  88:Core/Src/NOS_UART.c **** 
  89:Core/Src/NOS_UART.c **** //addr1 addr0 channel1 channel0 count1 count0 packetId3 packetId2 packetId1 packetId0 command3 comm
  90:Core/Src/NOS_UART.c **** //maxLenght 1024B  minLenght 32B packetInfo 16B
  91:Core/Src/NOS_UART.c **** NOS_Short currCRC;
  92:Core/Src/NOS_UART.c **** 
  93:Core/Src/NOS_UART.c **** bool NOS_UART_ParsePacket(NOS_UART_Struct* data,UART_Message* message)
ARM GAS  C:\Users\igorn\AppData\Local\Temp\ccN4gJbK.s 			page 10


  94:Core/Src/NOS_UART.c **** {
 407              		.loc 1 94 1 is_stmt 1 view -0
 408              		.cfi_startproc
 409              		@ args = 0, pretend = 0, frame = 0
 410              		@ frame_needed = 0, uses_anonymous_args = 0
 411              		.loc 1 94 1 is_stmt 0 view .LVU125
 412 0000 38B5     		push	{r3, r4, r5, lr}
 413              		.cfi_def_cfa_offset 16
 414              		.cfi_offset 3, -16
 415              		.cfi_offset 4, -12
 416              		.cfi_offset 5, -8
 417              		.cfi_offset 14, -4
 418 0002 0C46     		mov	r4, r1
  95:Core/Src/NOS_UART.c ****     int currPos = 0;
 419              		.loc 1 95 5 is_stmt 1 view .LVU126
 420              	.LVL29:
  96:Core/Src/NOS_UART.c **** 
  97:Core/Src/NOS_UART.c ****     message->address.bytes[1] = data->rx_buff[currPos++];
 421              		.loc 1 97 5 view .LVU127
 422              		.loc 1 97 46 is_stmt 0 view .LVU128
 423 0004 90F81432 		ldrb	r3, [r0, #532]	@ zero_extendqisi2
 424              		.loc 1 97 31 view .LVU129
 425 0008 4B70     		strb	r3, [r1, #1]
  98:Core/Src/NOS_UART.c ****     message->address.bytes[0] = data->rx_buff[currPos++];
 426              		.loc 1 98 5 is_stmt 1 view .LVU130
 427              	.LVL30:
 428              		.loc 1 98 46 is_stmt 0 view .LVU131
 429 000a 90F81532 		ldrb	r3, [r0, #533]	@ zero_extendqisi2
 430              		.loc 1 98 31 view .LVU132
 431 000e 0B70     		strb	r3, [r1]
  99:Core/Src/NOS_UART.c **** 
 100:Core/Src/NOS_UART.c ****     message->channel.bytes[1] = data->rx_buff[currPos++];
 432              		.loc 1 100 5 is_stmt 1 view .LVU133
 433              	.LVL31:
 434              		.loc 1 100 46 is_stmt 0 view .LVU134
 435 0010 90F81632 		ldrb	r3, [r0, #534]	@ zero_extendqisi2
 436              		.loc 1 100 31 view .LVU135
 437 0014 CB70     		strb	r3, [r1, #3]
 101:Core/Src/NOS_UART.c ****     message->channel.bytes[0] = data->rx_buff[currPos++];
 438              		.loc 1 101 5 is_stmt 1 view .LVU136
 439              	.LVL32:
 440              		.loc 1 101 46 is_stmt 0 view .LVU137
 441 0016 90F81732 		ldrb	r3, [r0, #535]	@ zero_extendqisi2
 442              		.loc 1 101 31 view .LVU138
 443 001a 8B70     		strb	r3, [r1, #2]
 102:Core/Src/NOS_UART.c **** 
 103:Core/Src/NOS_UART.c ****     message->byteCount.bytes[1] = data->rx_buff[currPos++];
 444              		.loc 1 103 5 is_stmt 1 view .LVU139
 445              	.LVL33:
 446              		.loc 1 103 48 is_stmt 0 view .LVU140
 447 001c 90F81832 		ldrb	r3, [r0, #536]	@ zero_extendqisi2
 448              		.loc 1 103 33 view .LVU141
 449 0020 4B71     		strb	r3, [r1, #5]
 104:Core/Src/NOS_UART.c ****     message->byteCount.bytes[0] = data->rx_buff[currPos++];
 450              		.loc 1 104 5 is_stmt 1 view .LVU142
 451              	.LVL34:
 452              		.loc 1 104 48 is_stmt 0 view .LVU143
ARM GAS  C:\Users\igorn\AppData\Local\Temp\ccN4gJbK.s 			page 11


 453 0022 90F81932 		ldrb	r3, [r0, #537]	@ zero_extendqisi2
 454              		.loc 1 104 33 view .LVU144
 455 0026 0B71     		strb	r3, [r1, #4]
 105:Core/Src/NOS_UART.c **** 
 106:Core/Src/NOS_UART.c ****     if(message->byteCount.data > 1024)
 456              		.loc 1 106 5 is_stmt 1 view .LVU145
 457              		.loc 1 106 26 is_stmt 0 view .LVU146
 458 0028 8988     		ldrh	r1, [r1, #4]
 459              	.LVL35:
 460              		.loc 1 106 7 view .LVU147
 461 002a B1F5806F 		cmp	r1, #1024
 462 002e 45D8     		bhi	.L29
 463 0030 0546     		mov	r5, r0
 107:Core/Src/NOS_UART.c ****     {
 108:Core/Src/NOS_UART.c ****         return false;
 109:Core/Src/NOS_UART.c ****     }
 110:Core/Src/NOS_UART.c **** 
 111:Core/Src/NOS_UART.c ****     message->packetId.bytes[3] = data->rx_buff[currPos++];
 464              		.loc 1 111 5 is_stmt 1 view .LVU148
 465              	.LVL36:
 466              		.loc 1 111 47 is_stmt 0 view .LVU149
 467 0032 90F81A32 		ldrb	r3, [r0, #538]	@ zero_extendqisi2
 468              		.loc 1 111 32 view .LVU150
 469 0036 E372     		strb	r3, [r4, #11]
 112:Core/Src/NOS_UART.c ****     message->packetId.bytes[2] = data->rx_buff[currPos++];
 470              		.loc 1 112 5 is_stmt 1 view .LVU151
 471              	.LVL37:
 472              		.loc 1 112 47 is_stmt 0 view .LVU152
 473 0038 90F81B32 		ldrb	r3, [r0, #539]	@ zero_extendqisi2
 474              		.loc 1 112 32 view .LVU153
 475 003c A372     		strb	r3, [r4, #10]
 113:Core/Src/NOS_UART.c ****     message->packetId.bytes[1] = data->rx_buff[currPos++];
 476              		.loc 1 113 5 is_stmt 1 view .LVU154
 477              	.LVL38:
 478              		.loc 1 113 47 is_stmt 0 view .LVU155
 479 003e 90F81C32 		ldrb	r3, [r0, #540]	@ zero_extendqisi2
 480              		.loc 1 113 32 view .LVU156
 481 0042 6372     		strb	r3, [r4, #9]
 114:Core/Src/NOS_UART.c ****     message->packetId.bytes[0] = data->rx_buff[currPos++];
 482              		.loc 1 114 5 is_stmt 1 view .LVU157
 483              	.LVL39:
 484              		.loc 1 114 47 is_stmt 0 view .LVU158
 485 0044 90F81D32 		ldrb	r3, [r0, #541]	@ zero_extendqisi2
 486              		.loc 1 114 32 view .LVU159
 487 0048 2372     		strb	r3, [r4, #8]
 115:Core/Src/NOS_UART.c **** 
 116:Core/Src/NOS_UART.c ****     message->command.bytes[3] = data->rx_buff[currPos++];
 488              		.loc 1 116 5 is_stmt 1 view .LVU160
 489              	.LVL40:
 490              		.loc 1 116 46 is_stmt 0 view .LVU161
 491 004a 90F81E32 		ldrb	r3, [r0, #542]	@ zero_extendqisi2
 492              		.loc 1 116 31 view .LVU162
 493 004e E373     		strb	r3, [r4, #15]
 117:Core/Src/NOS_UART.c ****     message->command.bytes[2] = data->rx_buff[currPos++];
 494              		.loc 1 117 5 is_stmt 1 view .LVU163
 495              	.LVL41:
 496              		.loc 1 117 46 is_stmt 0 view .LVU164
ARM GAS  C:\Users\igorn\AppData\Local\Temp\ccN4gJbK.s 			page 12


 497 0050 90F81F32 		ldrb	r3, [r0, #543]	@ zero_extendqisi2
 498              		.loc 1 117 31 view .LVU165
 499 0054 A373     		strb	r3, [r4, #14]
 118:Core/Src/NOS_UART.c ****     message->command.bytes[1] = data->rx_buff[currPos++];
 500              		.loc 1 118 5 is_stmt 1 view .LVU166
 501              	.LVL42:
 502              		.loc 1 118 46 is_stmt 0 view .LVU167
 503 0056 90F82032 		ldrb	r3, [r0, #544]	@ zero_extendqisi2
 504              		.loc 1 118 31 view .LVU168
 505 005a 6373     		strb	r3, [r4, #13]
 119:Core/Src/NOS_UART.c ****     message->command.bytes[0] = data->rx_buff[currPos++];
 506              		.loc 1 119 5 is_stmt 1 view .LVU169
 507              	.LVL43:
 508              		.loc 1 119 46 is_stmt 0 view .LVU170
 509 005c 90F82132 		ldrb	r3, [r0, #545]	@ zero_extendqisi2
 510              		.loc 1 119 31 view .LVU171
 511 0060 2373     		strb	r3, [r4, #12]
 120:Core/Src/NOS_UART.c **** 
 121:Core/Src/NOS_UART.c ****     for(int i = 0; i < message->byteCount.data - 16; i++)
 512              		.loc 1 121 5 is_stmt 1 view .LVU172
 513              	.LBB7:
 514              		.loc 1 121 9 view .LVU173
 515              	.LVL44:
 516              		.loc 1 121 13 is_stmt 0 view .LVU174
 517 0062 0023     		movs	r3, #0
 518              	.LBE7:
 119:Core/Src/NOS_UART.c ****     message->command.bytes[0] = data->rx_buff[currPos++];
 519              		.loc 1 119 54 view .LVU175
 520 0064 0E22     		movs	r2, #14
 521              	.LBB8:
 522              		.loc 1 121 5 view .LVU176
 523 0066 07E0     		b	.L26
 524              	.LVL45:
 525              	.L27:
 122:Core/Src/NOS_UART.c ****     {
 123:Core/Src/NOS_UART.c ****         message->data[i] = data->rx_buff[currPos++];
 526              		.loc 1 123 9 is_stmt 1 discriminator 3 view .LVU177
 527              		.loc 1 123 41 is_stmt 0 discriminator 3 view .LVU178
 528 0068 A818     		adds	r0, r5, r2
 529 006a 90F814C2 		ldrb	ip, [r0, #532]	@ zero_extendqisi2
 530              		.loc 1 123 26 discriminator 3 view .LVU179
 531 006e E018     		adds	r0, r4, r3
 532 0070 80F810C0 		strb	ip, [r0, #16]
 121:Core/Src/NOS_UART.c ****     {
 533              		.loc 1 121 55 is_stmt 1 discriminator 3 view .LVU180
 534 0074 0133     		adds	r3, r3, #1
 535              	.LVL46:
 536              		.loc 1 123 49 is_stmt 0 discriminator 3 view .LVU181
 537 0076 0132     		adds	r2, r2, #1
 538              	.LVL47:
 539              	.L26:
 121:Core/Src/NOS_UART.c ****     {
 540              		.loc 1 121 22 is_stmt 1 discriminator 1 view .LVU182
 121:Core/Src/NOS_UART.c ****     {
 541              		.loc 1 121 48 is_stmt 0 discriminator 1 view .LVU183
 542 0078 A1F11000 		sub	r0, r1, #16
 121:Core/Src/NOS_UART.c ****     {
ARM GAS  C:\Users\igorn\AppData\Local\Temp\ccN4gJbK.s 			page 13


 543              		.loc 1 121 22 discriminator 1 view .LVU184
 544 007c 9842     		cmp	r0, r3
 545 007e F3DC     		bgt	.L27
 546              	.LBE8:
 124:Core/Src/NOS_UART.c ****     }
 125:Core/Src/NOS_UART.c **** 
 126:Core/Src/NOS_UART.c ****     message->CRC16.bytes[1] = data->rx_buff[currPos++];
 547              		.loc 1 126 5 is_stmt 1 view .LVU185
 548              		.loc 1 126 52 is_stmt 0 view .LVU186
 549 0080 531C     		adds	r3, r2, #1
 550              	.LVL48:
 551              		.loc 1 126 44 view .LVU187
 552 0082 2A44     		add	r2, r2, r5
 553 0084 92F81422 		ldrb	r2, [r2, #532]	@ zero_extendqisi2
 554              		.loc 1 126 29 view .LVU188
 555 0088 84F81122 		strb	r2, [r4, #529]
 127:Core/Src/NOS_UART.c ****     message->CRC16.bytes[0] = data->rx_buff[currPos++];
 556              		.loc 1 127 5 is_stmt 1 view .LVU189
 557              	.LVL49:
 558              		.loc 1 127 44 is_stmt 0 view .LVU190
 559 008c 2B44     		add	r3, r3, r5
 560 008e 93F81432 		ldrb	r3, [r3, #532]	@ zero_extendqisi2
 561              		.loc 1 127 29 view .LVU191
 562 0092 84F81032 		strb	r3, [r4, #528]
 128:Core/Src/NOS_UART.c **** 
 129:Core/Src/NOS_UART.c ****     data->value.data = GetCRC16(&data->rx_buff,message->byteCount.data - 2);
 563              		.loc 1 129 5 is_stmt 1 view .LVU192
 564              		.loc 1 129 24 is_stmt 0 view .LVU193
 565 0096 0239     		subs	r1, r1, #2
 566 0098 05F50570 		add	r0, r5, #532
 567 009c FFF7FEFF 		bl	GetCRC16
 568              	.LVL50:
 569              		.loc 1 129 22 view .LVU194
 570 00a0 A5F82406 		strh	r0, [r5, #1572]	@ movhi
 130:Core/Src/NOS_UART.c **** 
 131:Core/Src/NOS_UART.c ****     if(data->value.data == message->CRC16.data)
 571              		.loc 1 131 5 is_stmt 1 view .LVU195
 572              		.loc 1 131 42 is_stmt 0 view .LVU196
 573 00a4 B4F81032 		ldrh	r3, [r4, #528]
 574              		.loc 1 131 7 view .LVU197
 575 00a8 9842     		cmp	r0, r3
 576 00aa 09D0     		beq	.L30
 132:Core/Src/NOS_UART.c ****     {
 133:Core/Src/NOS_UART.c ****         return true;
 134:Core/Src/NOS_UART.c ****     }
 135:Core/Src/NOS_UART.c **** 
 136:Core/Src/NOS_UART.c ****     if(message->address.data != 0)
 577              		.loc 1 136 5 is_stmt 1 view .LVU198
 578              		.loc 1 136 24 is_stmt 0 view .LVU199
 579 00ac 2388     		ldrh	r3, [r4]
 580              		.loc 1 136 7 view .LVU200
 581 00ae 33B1     		cbz	r3, .L24
 137:Core/Src/NOS_UART.c ****     {
 138:Core/Src/NOS_UART.c ****         if(message->channel.data != 0)
 582              		.loc 1 138 9 is_stmt 1 view .LVU201
 583              		.loc 1 138 28 is_stmt 0 view .LVU202
 584 00b0 6388     		ldrh	r3, [r4, #2]
ARM GAS  C:\Users\igorn\AppData\Local\Temp\ccN4gJbK.s 			page 14


 585              		.loc 1 138 11 view .LVU203
 586 00b2 23B1     		cbz	r3, .L24
 139:Core/Src/NOS_UART.c ****         {
 140:Core/Src/NOS_UART.c ****             if(message->byteCount.data != 0)
 587              		.loc 1 140 13 is_stmt 1 view .LVU204
 588              		.loc 1 140 34 is_stmt 0 view .LVU205
 589 00b4 A388     		ldrh	r3, [r4, #4]
 590              		.loc 1 140 15 view .LVU206
 591 00b6 13B1     		cbz	r3, .L24
 141:Core/Src/NOS_UART.c ****             {
 142:Core/Src/NOS_UART.c ****                 return true;            
 592              		.loc 1 142 24 view .LVU207
 593 00b8 0120     		movs	r0, #1
 594 00ba 00E0     		b	.L24
 595              	.LVL51:
 596              	.L29:
 108:Core/Src/NOS_UART.c ****     }
 597              		.loc 1 108 16 view .LVU208
 598 00bc 0020     		movs	r0, #0
 599              	.LVL52:
 600              	.L24:
 143:Core/Src/NOS_UART.c ****             }
 144:Core/Src/NOS_UART.c ****         }
 145:Core/Src/NOS_UART.c ****     }
 146:Core/Src/NOS_UART.c **** 
 147:Core/Src/NOS_UART.c **** }
 601              		.loc 1 147 1 view .LVU209
 602 00be 38BD     		pop	{r3, r4, r5, pc}
 603              	.LVL53:
 604              	.L30:
 133:Core/Src/NOS_UART.c ****     }
 605              		.loc 1 133 16 view .LVU210
 606 00c0 0120     		movs	r0, #1
 607 00c2 FCE7     		b	.L24
 608              		.cfi_endproc
 609              	.LFE138:
 611              		.section	.text.NOS_UART_PacketApprovedNotice,"ax",%progbits
 612              		.align	1
 613              		.global	NOS_UART_PacketApprovedNotice
 614              		.syntax unified
 615              		.thumb
 616              		.thumb_func
 618              	NOS_UART_PacketApprovedNotice:
 619              	.LVL54:
 620              	.LFB139:
 148:Core/Src/NOS_UART.c **** 
 149:Core/Src/NOS_UART.c **** bool NOS_UART_PacketApprovedNotice(UART_Message* message,UART_HandleTypeDef* uart)
 150:Core/Src/NOS_UART.c **** {
 621              		.loc 1 150 1 is_stmt 1 view -0
 622              		.cfi_startproc
 623              		@ args = 0, pretend = 0, frame = 32
 624              		@ frame_needed = 0, uses_anonymous_args = 0
 625              		.loc 1 150 1 is_stmt 0 view .LVU212
 626 0000 10B5     		push	{r4, lr}
 627              		.cfi_def_cfa_offset 8
 628              		.cfi_offset 4, -8
 629              		.cfi_offset 14, -4
ARM GAS  C:\Users\igorn\AppData\Local\Temp\ccN4gJbK.s 			page 15


 630 0002 88B0     		sub	sp, sp, #32
 631              		.cfi_def_cfa_offset 40
 632 0004 0446     		mov	r4, r0
 633 0006 0846     		mov	r0, r1
 634              	.LVL55:
 151:Core/Src/NOS_UART.c ****     uint8_t buff[32];
 635              		.loc 1 151 5 is_stmt 1 view .LVU213
 152:Core/Src/NOS_UART.c ****     int currPos = 0;
 636              		.loc 1 152 5 view .LVU214
 153:Core/Src/NOS_UART.c **** 
 154:Core/Src/NOS_UART.c ****     buff[currPos++] = message->address.bytes[1];
 637              		.loc 1 154 5 view .LVU215
 638              		.loc 1 154 45 is_stmt 0 view .LVU216
 639 0008 6378     		ldrb	r3, [r4, #1]	@ zero_extendqisi2
 640              		.loc 1 154 21 view .LVU217
 641 000a 8DF80030 		strb	r3, [sp]
 155:Core/Src/NOS_UART.c ****     buff[currPos++] = message->address.bytes[0];
 642              		.loc 1 155 5 is_stmt 1 view .LVU218
 643              	.LVL56:
 644              		.loc 1 155 45 is_stmt 0 view .LVU219
 645 000e 2378     		ldrb	r3, [r4]	@ zero_extendqisi2
 646              		.loc 1 155 21 view .LVU220
 647 0010 8DF80130 		strb	r3, [sp, #1]
 156:Core/Src/NOS_UART.c **** 
 157:Core/Src/NOS_UART.c ****     buff[currPos++] = message->channel.bytes[1];
 648              		.loc 1 157 5 is_stmt 1 view .LVU221
 649              	.LVL57:
 650              		.loc 1 157 45 is_stmt 0 view .LVU222
 651 0014 E378     		ldrb	r3, [r4, #3]	@ zero_extendqisi2
 652              		.loc 1 157 21 view .LVU223
 653 0016 8DF80230 		strb	r3, [sp, #2]
 158:Core/Src/NOS_UART.c ****     buff[currPos++] = message->channel.bytes[0];
 654              		.loc 1 158 5 is_stmt 1 view .LVU224
 655              	.LVL58:
 656              		.loc 1 158 45 is_stmt 0 view .LVU225
 657 001a A378     		ldrb	r3, [r4, #2]	@ zero_extendqisi2
 658              		.loc 1 158 21 view .LVU226
 659 001c 8DF80330 		strb	r3, [sp, #3]
 159:Core/Src/NOS_UART.c **** 
 160:Core/Src/NOS_UART.c ****     buff[currPos++] = message->byteCount.bytes[1];
 660              		.loc 1 160 5 is_stmt 1 view .LVU227
 661              	.LVL59:
 662              		.loc 1 160 47 is_stmt 0 view .LVU228
 663 0020 6379     		ldrb	r3, [r4, #5]	@ zero_extendqisi2
 664              		.loc 1 160 21 view .LVU229
 665 0022 8DF80430 		strb	r3, [sp, #4]
 161:Core/Src/NOS_UART.c ****     buff[currPos++] = message->byteCount.bytes[0];
 666              		.loc 1 161 5 is_stmt 1 view .LVU230
 667              	.LVL60:
 668              		.loc 1 161 47 is_stmt 0 view .LVU231
 669 0026 2379     		ldrb	r3, [r4, #4]	@ zero_extendqisi2
 670              		.loc 1 161 21 view .LVU232
 671 0028 8DF80530 		strb	r3, [sp, #5]
 162:Core/Src/NOS_UART.c **** 
 163:Core/Src/NOS_UART.c ****     buff[currPos++] = message->packetId.bytes[3];
 672              		.loc 1 163 5 is_stmt 1 view .LVU233
 673              	.LVL61:
ARM GAS  C:\Users\igorn\AppData\Local\Temp\ccN4gJbK.s 			page 16


 674              		.loc 1 163 46 is_stmt 0 view .LVU234
 675 002c E37A     		ldrb	r3, [r4, #11]	@ zero_extendqisi2
 676              		.loc 1 163 21 view .LVU235
 677 002e 8DF80630 		strb	r3, [sp, #6]
 164:Core/Src/NOS_UART.c ****     buff[currPos++] = message->packetId.bytes[2];
 678              		.loc 1 164 5 is_stmt 1 view .LVU236
 679              	.LVL62:
 680              		.loc 1 164 46 is_stmt 0 view .LVU237
 681 0032 A37A     		ldrb	r3, [r4, #10]	@ zero_extendqisi2
 682              		.loc 1 164 21 view .LVU238
 683 0034 8DF80730 		strb	r3, [sp, #7]
 165:Core/Src/NOS_UART.c ****     buff[currPos++] = message->packetId.bytes[1];
 684              		.loc 1 165 5 is_stmt 1 view .LVU239
 685              	.LVL63:
 686              		.loc 1 165 46 is_stmt 0 view .LVU240
 687 0038 637A     		ldrb	r3, [r4, #9]	@ zero_extendqisi2
 688              		.loc 1 165 21 view .LVU241
 689 003a 8DF80830 		strb	r3, [sp, #8]
 166:Core/Src/NOS_UART.c ****     buff[currPos++] = message->packetId.bytes[0];
 690              		.loc 1 166 5 is_stmt 1 view .LVU242
 691              	.LVL64:
 692              		.loc 1 166 46 is_stmt 0 view .LVU243
 693 003e 237A     		ldrb	r3, [r4, #8]	@ zero_extendqisi2
 694              		.loc 1 166 21 view .LVU244
 695 0040 8DF80930 		strb	r3, [sp, #9]
 167:Core/Src/NOS_UART.c **** 
 168:Core/Src/NOS_UART.c ****     buff[currPos++] = message->command.bytes[3];
 696              		.loc 1 168 5 is_stmt 1 view .LVU245
 697              	.LVL65:
 698              		.loc 1 168 45 is_stmt 0 view .LVU246
 699 0044 E37B     		ldrb	r3, [r4, #15]	@ zero_extendqisi2
 700              		.loc 1 168 21 view .LVU247
 701 0046 8DF80A30 		strb	r3, [sp, #10]
 169:Core/Src/NOS_UART.c ****     buff[currPos++] = message->command.bytes[2];
 702              		.loc 1 169 5 is_stmt 1 view .LVU248
 703              	.LVL66:
 704              		.loc 1 169 45 is_stmt 0 view .LVU249
 705 004a A37B     		ldrb	r3, [r4, #14]	@ zero_extendqisi2
 706              		.loc 1 169 21 view .LVU250
 707 004c 8DF80B30 		strb	r3, [sp, #11]
 170:Core/Src/NOS_UART.c ****     buff[currPos++] = message->command.bytes[1];
 708              		.loc 1 170 5 is_stmt 1 view .LVU251
 709              	.LVL67:
 710              		.loc 1 170 45 is_stmt 0 view .LVU252
 711 0050 637B     		ldrb	r3, [r4, #13]	@ zero_extendqisi2
 712              		.loc 1 170 21 view .LVU253
 713 0052 8DF80C30 		strb	r3, [sp, #12]
 171:Core/Src/NOS_UART.c ****     buff[currPos++] = message->command.bytes[0];
 714              		.loc 1 171 5 is_stmt 1 view .LVU254
 715              	.LVL68:
 716              		.loc 1 171 45 is_stmt 0 view .LVU255
 717 0056 237B     		ldrb	r3, [r4, #12]	@ zero_extendqisi2
 718              		.loc 1 171 21 view .LVU256
 719 0058 8DF80D30 		strb	r3, [sp, #13]
 172:Core/Src/NOS_UART.c **** 
 173:Core/Src/NOS_UART.c ****     for(int i = 0; i < 16; i++)
 720              		.loc 1 173 5 is_stmt 1 view .LVU257
ARM GAS  C:\Users\igorn\AppData\Local\Temp\ccN4gJbK.s 			page 17


 721              	.LBB9:
 722              		.loc 1 173 9 view .LVU258
 723              	.LVL69:
 724              		.loc 1 173 13 is_stmt 0 view .LVU259
 725 005c 0022     		movs	r2, #0
 726              	.LBE9:
 171:Core/Src/NOS_UART.c ****     buff[currPos++] = message->command.bytes[0];
 727              		.loc 1 171 17 view .LVU260
 728 005e 0E23     		movs	r3, #14
 729              	.LBB10:
 730              		.loc 1 173 5 view .LVU261
 731 0060 09E0     		b	.L34
 732              	.LVL70:
 733              	.L35:
 174:Core/Src/NOS_UART.c ****     {
 175:Core/Src/NOS_UART.c ****         buff[currPos++] = 0xFF;
 734              		.loc 1 175 9 is_stmt 1 discriminator 3 view .LVU262
 735              		.loc 1 175 25 is_stmt 0 discriminator 3 view .LVU263
 736 0062 03F12001 		add	r1, r3, #32
 737 0066 0DEB010C 		add	ip, sp, r1
 738 006a 4FF0FF0E 		mov	lr, #255
 739 006e 0CF820EC 		strb	lr, [ip, #-32]
 173:Core/Src/NOS_UART.c ****     {
 740              		.loc 1 173 29 is_stmt 1 discriminator 3 view .LVU264
 741 0072 0132     		adds	r2, r2, #1
 742              	.LVL71:
 743              		.loc 1 175 21 is_stmt 0 discriminator 3 view .LVU265
 744 0074 0133     		adds	r3, r3, #1
 745              	.LVL72:
 746              	.L34:
 173:Core/Src/NOS_UART.c ****     {
 747              		.loc 1 173 22 is_stmt 1 discriminator 1 view .LVU266
 748 0076 0F2A     		cmp	r2, #15
 749 0078 F3DD     		ble	.L35
 750              	.LBE10:
 176:Core/Src/NOS_UART.c ****     }
 177:Core/Src/NOS_UART.c **** 
 178:Core/Src/NOS_UART.c ****     buff[currPos++] = message->CRC16.bytes[1];
 751              		.loc 1 178 5 view .LVU267
 752              		.loc 1 178 17 is_stmt 0 view .LVU268
 753 007a 5A1C     		adds	r2, r3, #1
 754              	.LVL73:
 755              		.loc 1 178 43 view .LVU269
 756 007c 94F81112 		ldrb	r1, [r4, #529]	@ zero_extendqisi2
 757              		.loc 1 178 21 view .LVU270
 758 0080 2033     		adds	r3, r3, #32
 759 0082 6B44     		add	r3, sp, r3
 760 0084 03F8201C 		strb	r1, [r3, #-32]
 179:Core/Src/NOS_UART.c ****     buff[currPos++] = message->CRC16.bytes[0];
 761              		.loc 1 179 5 is_stmt 1 view .LVU271
 762              	.LVL74:
 763              		.loc 1 179 43 is_stmt 0 view .LVU272
 764 0088 94F81012 		ldrb	r1, [r4, #528]	@ zero_extendqisi2
 765              		.loc 1 179 21 view .LVU273
 766 008c 02F12003 		add	r3, r2, #32
 767 0090 6B44     		add	r3, sp, r3
 768 0092 03F8201C 		strb	r1, [r3, #-32]
ARM GAS  C:\Users\igorn\AppData\Local\Temp\ccN4gJbK.s 			page 18


 180:Core/Src/NOS_UART.c **** 
 181:Core/Src/NOS_UART.c ****     HAL_UART_Transmit(uart,buff,32,1000);
 769              		.loc 1 181 5 is_stmt 1 view .LVU274
 770 0096 4FF47A73 		mov	r3, #1000
 771 009a 2022     		movs	r2, #32
 772 009c 6946     		mov	r1, sp
 773 009e FFF7FEFF 		bl	HAL_UART_Transmit
 774              	.LVL75:
 182:Core/Src/NOS_UART.c **** 
 183:Core/Src/NOS_UART.c **** }
 775              		.loc 1 183 1 is_stmt 0 view .LVU275
 776 00a2 08B0     		add	sp, sp, #32
 777              		.cfi_def_cfa_offset 8
 778              		@ sp needed
 779 00a4 10BD     		pop	{r4, pc}
 780              		.loc 1 183 1 view .LVU276
 781              		.cfi_endproc
 782              	.LFE139:
 784              		.section	.text.NOS_UART_CheckReceive,"ax",%progbits
 785              		.align	1
 786              		.global	NOS_UART_CheckReceive
 787              		.syntax unified
 788              		.thumb
 789              		.thumb_func
 791              	NOS_UART_CheckReceive:
 792              	.LVL76:
 793              	.LFB140:
 184:Core/Src/NOS_UART.c **** 
 185:Core/Src/NOS_UART.c **** 
 186:Core/Src/NOS_UART.c **** bool NOS_UART_CheckReceive(NOS_UART_Struct* data)
 187:Core/Src/NOS_UART.c **** {
 794              		.loc 1 187 1 is_stmt 1 view -0
 795              		.cfi_startproc
 796              		@ args = 0, pretend = 0, frame = 0
 797              		@ frame_needed = 0, uses_anonymous_args = 0
 798              		@ link register save eliminated.
 188:Core/Src/NOS_UART.c ****     return data->rx_flag;   
 799              		.loc 1 188 5 view .LVU278
 189:Core/Src/NOS_UART.c **** }
 800              		.loc 1 189 1 is_stmt 0 view .LVU279
 801 0000 90F82E06 		ldrb	r0, [r0, #1582]	@ zero_extendqisi2
 802              	.LVL77:
 803              		.loc 1 189 1 view .LVU280
 804 0004 7047     		bx	lr
 805              		.cfi_endproc
 806              	.LFE140:
 808              		.section	.text.NOS_UART_GetReceivedData,"ax",%progbits
 809              		.align	1
 810              		.global	NOS_UART_GetReceivedData
 811              		.syntax unified
 812              		.thumb
 813              		.thumb_func
 815              	NOS_UART_GetReceivedData:
 816              	.LVL78:
 817              	.LFB141:
 190:Core/Src/NOS_UART.c **** 
 191:Core/Src/NOS_UART.c **** uint8_t* NOS_UART_GetReceivedData(NOS_UART_Struct* data)
ARM GAS  C:\Users\igorn\AppData\Local\Temp\ccN4gJbK.s 			page 19


 192:Core/Src/NOS_UART.c **** {
 818              		.loc 1 192 1 is_stmt 1 view -0
 819              		.cfi_startproc
 820              		@ args = 0, pretend = 0, frame = 0
 821              		@ frame_needed = 0, uses_anonymous_args = 0
 822              		@ link register save eliminated.
 193:Core/Src/NOS_UART.c ****     return data->rx_buff;
 823              		.loc 1 193 5 view .LVU282
 194:Core/Src/NOS_UART.c **** }
 824              		.loc 1 194 1 is_stmt 0 view .LVU283
 825 0000 00F50570 		add	r0, r0, #532
 826              	.LVL79:
 827              		.loc 1 194 1 view .LVU284
 828 0004 7047     		bx	lr
 829              		.cfi_endproc
 830              	.LFE141:
 832              		.section	.text.NOS_UART_EndReceive,"ax",%progbits
 833              		.align	1
 834              		.global	NOS_UART_EndReceive
 835              		.syntax unified
 836              		.thumb
 837              		.thumb_func
 839              	NOS_UART_EndReceive:
 840              	.LVL80:
 841              	.LFB142:
 195:Core/Src/NOS_UART.c **** 
 196:Core/Src/NOS_UART.c **** void NOS_UART_EndReceive(NOS_UART_Struct* data)
 197:Core/Src/NOS_UART.c **** {
 842              		.loc 1 197 1 is_stmt 1 view -0
 843              		.cfi_startproc
 844              		@ args = 0, pretend = 0, frame = 0
 845              		@ frame_needed = 0, uses_anonymous_args = 0
 846              		@ link register save eliminated.
 198:Core/Src/NOS_UART.c ****     data->rx_flag = false;
 847              		.loc 1 198 5 view .LVU286
 848              		.loc 1 198 19 is_stmt 0 view .LVU287
 849 0000 0023     		movs	r3, #0
 850 0002 80F82E36 		strb	r3, [r0, #1582]
 199:Core/Src/NOS_UART.c **** }
 851              		.loc 1 199 1 view .LVU288
 852 0006 7047     		bx	lr
 853              		.cfi_endproc
 854              	.LFE142:
 856              		.global	currCRC
 857              		.section	.bss.currCRC,"aw",%nobits
 858              		.align	2
 861              	currCRC:
 862 0000 0000     		.space	2
 863              		.text
 864              	.Letext0:
 865              		.file 2 "c:\\users\\igorn\\appdata\\roaming\\code\\user\\globalstorage\\bmd.stm32-for-vscode\\@xpa
 866              		.file 3 "c:\\users\\igorn\\appdata\\roaming\\code\\user\\globalstorage\\bmd.stm32-for-vscode\\@xpa
 867              		.file 4 "Drivers/CMSIS/Device/ST/STM32L4xx/Include/stm32l433xx.h"
 868              		.file 5 "Drivers/STM32L4xx_HAL_Driver/Inc/stm32l4xx_hal_def.h"
 869              		.file 6 "Drivers/STM32L4xx_HAL_Driver/Inc/stm32l4xx_hal_dma.h"
 870              		.file 7 "Drivers/STM32L4xx_HAL_Driver/Inc/stm32l4xx_hal_uart.h"
 871              		.file 8 "Core/Inc/NOS_Typedefs.h"
ARM GAS  C:\Users\igorn\AppData\Local\Temp\ccN4gJbK.s 			page 20


 872              		.file 9 "Core/Inc/NOS_UART.h"
ARM GAS  C:\Users\igorn\AppData\Local\Temp\ccN4gJbK.s 			page 21


DEFINED SYMBOLS
                            *ABS*:00000000 NOS_UART.c
C:\Users\igorn\AppData\Local\Temp\ccN4gJbK.s:21     .text.NOS_UART_ReceiveReset:00000000 $t
C:\Users\igorn\AppData\Local\Temp\ccN4gJbK.s:27     .text.NOS_UART_ReceiveReset:00000000 NOS_UART_ReceiveReset
C:\Users\igorn\AppData\Local\Temp\ccN4gJbK.s:63     .text.NOS_UART_ContinueReceive:00000000 $t
C:\Users\igorn\AppData\Local\Temp\ccN4gJbK.s:69     .text.NOS_UART_ContinueReceive:00000000 NOS_UART_ContinueReceive
C:\Users\igorn\AppData\Local\Temp\ccN4gJbK.s:95     .text.NOS_UART_ReceiveAbort:00000000 $t
C:\Users\igorn\AppData\Local\Temp\ccN4gJbK.s:101    .text.NOS_UART_ReceiveAbort:00000000 NOS_UART_ReceiveAbort
C:\Users\igorn\AppData\Local\Temp\ccN4gJbK.s:179    .text.NOS_UART_Timer_Handler:00000000 $t
C:\Users\igorn\AppData\Local\Temp\ccN4gJbK.s:185    .text.NOS_UART_Timer_Handler:00000000 NOS_UART_Timer_Handler
C:\Users\igorn\AppData\Local\Temp\ccN4gJbK.s:243    .text.GetCRC16:00000000 $t
C:\Users\igorn\AppData\Local\Temp\ccN4gJbK.s:249    .text.GetCRC16:00000000 GetCRC16
C:\Users\igorn\AppData\Local\Temp\ccN4gJbK.s:338    .text.NOS_UART_ReceiveHandler:00000000 $t
C:\Users\igorn\AppData\Local\Temp\ccN4gJbK.s:344    .text.NOS_UART_ReceiveHandler:00000000 NOS_UART_ReceiveHandler
C:\Users\igorn\AppData\Local\Temp\ccN4gJbK.s:398    .text.NOS_UART_ParsePacket:00000000 $t
C:\Users\igorn\AppData\Local\Temp\ccN4gJbK.s:404    .text.NOS_UART_ParsePacket:00000000 NOS_UART_ParsePacket
C:\Users\igorn\AppData\Local\Temp\ccN4gJbK.s:612    .text.NOS_UART_PacketApprovedNotice:00000000 $t
C:\Users\igorn\AppData\Local\Temp\ccN4gJbK.s:618    .text.NOS_UART_PacketApprovedNotice:00000000 NOS_UART_PacketApprovedNotice
C:\Users\igorn\AppData\Local\Temp\ccN4gJbK.s:785    .text.NOS_UART_CheckReceive:00000000 $t
C:\Users\igorn\AppData\Local\Temp\ccN4gJbK.s:791    .text.NOS_UART_CheckReceive:00000000 NOS_UART_CheckReceive
C:\Users\igorn\AppData\Local\Temp\ccN4gJbK.s:809    .text.NOS_UART_GetReceivedData:00000000 $t
C:\Users\igorn\AppData\Local\Temp\ccN4gJbK.s:815    .text.NOS_UART_GetReceivedData:00000000 NOS_UART_GetReceivedData
C:\Users\igorn\AppData\Local\Temp\ccN4gJbK.s:833    .text.NOS_UART_EndReceive:00000000 $t
C:\Users\igorn\AppData\Local\Temp\ccN4gJbK.s:839    .text.NOS_UART_EndReceive:00000000 NOS_UART_EndReceive
C:\Users\igorn\AppData\Local\Temp\ccN4gJbK.s:861    .bss.currCRC:00000000 currCRC
C:\Users\igorn\AppData\Local\Temp\ccN4gJbK.s:858    .bss.currCRC:00000000 $d

UNDEFINED SYMBOLS
HAL_UART_Receive_IT
HAL_UART_Transmit
