ARM GAS  C:\Users\igorn\AppData\Local\Temp\cc4NQrKt.s 			page 1


   1              		.cpu cortex-m4
   2              		.arch armv7e-m
   3              		.fpu fpv4-sp-d16
   4              		.eabi_attribute 27, 1
   5              		.eabi_attribute 28, 1
   6              		.eabi_attribute 20, 1
   7              		.eabi_attribute 21, 1
   8              		.eabi_attribute 23, 3
   9              		.eabi_attribute 24, 1
  10              		.eabi_attribute 25, 1
  11              		.eabi_attribute 26, 1
  12              		.eabi_attribute 30, 1
  13              		.eabi_attribute 34, 1
  14              		.eabi_attribute 18, 4
  15              		.file	"stm32l4xx_it.c"
  16              		.text
  17              	.Ltext0:
  18              		.cfi_sections	.debug_frame
  19              		.file 1 "Core/Src/stm32l4xx_it.c"
  20              		.section	.text.NMI_Handler,"ax",%progbits
  21              		.align	1
  22              		.global	NMI_Handler
  23              		.syntax unified
  24              		.thumb
  25              		.thumb_func
  27              	NMI_Handler:
  28              	.LFB132:
   1:Core/Src/stm32l4xx_it.c **** /* USER CODE BEGIN Header */
   2:Core/Src/stm32l4xx_it.c **** /**
   3:Core/Src/stm32l4xx_it.c ****   ******************************************************************************
   4:Core/Src/stm32l4xx_it.c ****   * @file    stm32l4xx_it.c
   5:Core/Src/stm32l4xx_it.c ****   * @brief   Interrupt Service Routines.
   6:Core/Src/stm32l4xx_it.c ****   ******************************************************************************
   7:Core/Src/stm32l4xx_it.c ****   * @attention
   8:Core/Src/stm32l4xx_it.c ****   *
   9:Core/Src/stm32l4xx_it.c ****   * Copyright (c) 2025 STMicroelectronics.
  10:Core/Src/stm32l4xx_it.c ****   * All rights reserved.
  11:Core/Src/stm32l4xx_it.c ****   *
  12:Core/Src/stm32l4xx_it.c ****   * This software is licensed under terms that can be found in the LICENSE file
  13:Core/Src/stm32l4xx_it.c ****   * in the root directory of this software component.
  14:Core/Src/stm32l4xx_it.c ****   * If no LICENSE file comes with this software, it is provided AS-IS.
  15:Core/Src/stm32l4xx_it.c ****   *
  16:Core/Src/stm32l4xx_it.c ****   ******************************************************************************
  17:Core/Src/stm32l4xx_it.c ****   */
  18:Core/Src/stm32l4xx_it.c **** /* USER CODE END Header */
  19:Core/Src/stm32l4xx_it.c **** 
  20:Core/Src/stm32l4xx_it.c **** /* Includes ------------------------------------------------------------------*/
  21:Core/Src/stm32l4xx_it.c **** #include "main.h"
  22:Core/Src/stm32l4xx_it.c **** #include "stm32l4xx_it.h"
  23:Core/Src/stm32l4xx_it.c **** /* Private includes ----------------------------------------------------------*/
  24:Core/Src/stm32l4xx_it.c **** /* USER CODE BEGIN Includes */
  25:Core/Src/stm32l4xx_it.c **** #include "stdbool.h"
  26:Core/Src/stm32l4xx_it.c **** /* USER CODE END Includes */
  27:Core/Src/stm32l4xx_it.c **** 
  28:Core/Src/stm32l4xx_it.c **** /* Private typedef -----------------------------------------------------------*/
  29:Core/Src/stm32l4xx_it.c **** /* USER CODE BEGIN TD */
  30:Core/Src/stm32l4xx_it.c **** 
ARM GAS  C:\Users\igorn\AppData\Local\Temp\cc4NQrKt.s 			page 2


  31:Core/Src/stm32l4xx_it.c **** /* USER CODE END TD */
  32:Core/Src/stm32l4xx_it.c **** 
  33:Core/Src/stm32l4xx_it.c **** /* Private define ------------------------------------------------------------*/
  34:Core/Src/stm32l4xx_it.c **** /* USER CODE BEGIN PD */
  35:Core/Src/stm32l4xx_it.c **** 
  36:Core/Src/stm32l4xx_it.c **** /* USER CODE END PD */
  37:Core/Src/stm32l4xx_it.c **** 
  38:Core/Src/stm32l4xx_it.c **** /* Private macro -------------------------------------------------------------*/
  39:Core/Src/stm32l4xx_it.c **** /* USER CODE BEGIN PM */
  40:Core/Src/stm32l4xx_it.c **** 
  41:Core/Src/stm32l4xx_it.c **** /* USER CODE END PM */
  42:Core/Src/stm32l4xx_it.c **** 
  43:Core/Src/stm32l4xx_it.c **** /* Private variables ---------------------------------------------------------*/
  44:Core/Src/stm32l4xx_it.c **** /* USER CODE BEGIN PV */
  45:Core/Src/stm32l4xx_it.c **** 
  46:Core/Src/stm32l4xx_it.c **** /* USER CODE END PV */
  47:Core/Src/stm32l4xx_it.c **** 
  48:Core/Src/stm32l4xx_it.c **** /* Private function prototypes -----------------------------------------------*/
  49:Core/Src/stm32l4xx_it.c **** /* USER CODE BEGIN PFP */
  50:Core/Src/stm32l4xx_it.c **** 
  51:Core/Src/stm32l4xx_it.c **** /* USER CODE END PFP */
  52:Core/Src/stm32l4xx_it.c **** 
  53:Core/Src/stm32l4xx_it.c **** /* Private user code ---------------------------------------------------------*/
  54:Core/Src/stm32l4xx_it.c **** /* USER CODE BEGIN 0 */
  55:Core/Src/stm32l4xx_it.c **** 
  56:Core/Src/stm32l4xx_it.c **** /* USER CODE END 0 */
  57:Core/Src/stm32l4xx_it.c **** 
  58:Core/Src/stm32l4xx_it.c **** /* External variables --------------------------------------------------------*/
  59:Core/Src/stm32l4xx_it.c **** extern DMA_HandleTypeDef hdma_tim2_ch1;
  60:Core/Src/stm32l4xx_it.c **** extern DMA_HandleTypeDef hdma_tim2_up;
  61:Core/Src/stm32l4xx_it.c **** extern DMA_HandleTypeDef hdma_tim2_ch2_ch4;
  62:Core/Src/stm32l4xx_it.c **** extern TIM_HandleTypeDef htim2;
  63:Core/Src/stm32l4xx_it.c **** extern UART_HandleTypeDef huart1;
  64:Core/Src/stm32l4xx_it.c **** extern UART_HandleTypeDef huart2;
  65:Core/Src/stm32l4xx_it.c **** /* USER CODE BEGIN EV */
  66:Core/Src/stm32l4xx_it.c **** extern bool tick;
  67:Core/Src/stm32l4xx_it.c **** /* USER CODE END EV */
  68:Core/Src/stm32l4xx_it.c **** 
  69:Core/Src/stm32l4xx_it.c **** /******************************************************************************/
  70:Core/Src/stm32l4xx_it.c **** /*           Cortex-M4 Processor Interruption and Exception Handlers          */
  71:Core/Src/stm32l4xx_it.c **** /******************************************************************************/
  72:Core/Src/stm32l4xx_it.c **** /**
  73:Core/Src/stm32l4xx_it.c ****   * @brief This function handles Non maskable interrupt.
  74:Core/Src/stm32l4xx_it.c ****   */
  75:Core/Src/stm32l4xx_it.c **** void NMI_Handler(void)
  76:Core/Src/stm32l4xx_it.c **** {
  29              		.loc 1 76 1 view -0
  30              		.cfi_startproc
  31              		@ Volatile: function does not return.
  32              		@ args = 0, pretend = 0, frame = 0
  33              		@ frame_needed = 0, uses_anonymous_args = 0
  34              		@ link register save eliminated.
  35              	.L2:
  77:Core/Src/stm32l4xx_it.c ****   /* USER CODE BEGIN NonMaskableInt_IRQn 0 */
  78:Core/Src/stm32l4xx_it.c **** 
  79:Core/Src/stm32l4xx_it.c ****   /* USER CODE END NonMaskableInt_IRQn 0 */
  80:Core/Src/stm32l4xx_it.c ****   /* USER CODE BEGIN NonMaskableInt_IRQn 1 */
ARM GAS  C:\Users\igorn\AppData\Local\Temp\cc4NQrKt.s 			page 3


  81:Core/Src/stm32l4xx_it.c ****   while (1)
  36              		.loc 1 81 3 discriminator 1 view .LVU1
  82:Core/Src/stm32l4xx_it.c ****   {
  83:Core/Src/stm32l4xx_it.c ****   }
  37              		.loc 1 83 3 discriminator 1 view .LVU2
  81:Core/Src/stm32l4xx_it.c ****   {
  38              		.loc 1 81 9 discriminator 1 view .LVU3
  39 0000 FEE7     		b	.L2
  40              		.cfi_endproc
  41              	.LFE132:
  43              		.section	.text.HardFault_Handler,"ax",%progbits
  44              		.align	1
  45              		.global	HardFault_Handler
  46              		.syntax unified
  47              		.thumb
  48              		.thumb_func
  50              	HardFault_Handler:
  51              	.LFB133:
  84:Core/Src/stm32l4xx_it.c ****   /* USER CODE END NonMaskableInt_IRQn 1 */
  85:Core/Src/stm32l4xx_it.c **** }
  86:Core/Src/stm32l4xx_it.c **** 
  87:Core/Src/stm32l4xx_it.c **** /**
  88:Core/Src/stm32l4xx_it.c ****   * @brief This function handles Hard fault interrupt.
  89:Core/Src/stm32l4xx_it.c ****   */
  90:Core/Src/stm32l4xx_it.c **** void HardFault_Handler(void)
  91:Core/Src/stm32l4xx_it.c **** {
  52              		.loc 1 91 1 view -0
  53              		.cfi_startproc
  54              		@ Volatile: function does not return.
  55              		@ args = 0, pretend = 0, frame = 0
  56              		@ frame_needed = 0, uses_anonymous_args = 0
  57              		@ link register save eliminated.
  58              	.L4:
  92:Core/Src/stm32l4xx_it.c ****   /* USER CODE BEGIN HardFault_IRQn 0 */
  93:Core/Src/stm32l4xx_it.c **** 
  94:Core/Src/stm32l4xx_it.c ****   /* USER CODE END HardFault_IRQn 0 */
  95:Core/Src/stm32l4xx_it.c ****   while (1)
  59              		.loc 1 95 3 discriminator 1 view .LVU5
  96:Core/Src/stm32l4xx_it.c ****   {
  97:Core/Src/stm32l4xx_it.c ****     /* USER CODE BEGIN W1_HardFault_IRQn 0 */
  98:Core/Src/stm32l4xx_it.c ****     /* USER CODE END W1_HardFault_IRQn 0 */
  99:Core/Src/stm32l4xx_it.c ****   }
  60              		.loc 1 99 3 discriminator 1 view .LVU6
  95:Core/Src/stm32l4xx_it.c ****   {
  61              		.loc 1 95 9 discriminator 1 view .LVU7
  62 0000 FEE7     		b	.L4
  63              		.cfi_endproc
  64              	.LFE133:
  66              		.section	.text.MemManage_Handler,"ax",%progbits
  67              		.align	1
  68              		.global	MemManage_Handler
  69              		.syntax unified
  70              		.thumb
  71              		.thumb_func
  73              	MemManage_Handler:
  74              	.LFB134:
 100:Core/Src/stm32l4xx_it.c **** }
ARM GAS  C:\Users\igorn\AppData\Local\Temp\cc4NQrKt.s 			page 4


 101:Core/Src/stm32l4xx_it.c **** 
 102:Core/Src/stm32l4xx_it.c **** /**
 103:Core/Src/stm32l4xx_it.c ****   * @brief This function handles Memory management fault.
 104:Core/Src/stm32l4xx_it.c ****   */
 105:Core/Src/stm32l4xx_it.c **** void MemManage_Handler(void)
 106:Core/Src/stm32l4xx_it.c **** {
  75              		.loc 1 106 1 view -0
  76              		.cfi_startproc
  77              		@ Volatile: function does not return.
  78              		@ args = 0, pretend = 0, frame = 0
  79              		@ frame_needed = 0, uses_anonymous_args = 0
  80              		@ link register save eliminated.
  81              	.L6:
 107:Core/Src/stm32l4xx_it.c ****   /* USER CODE BEGIN MemoryManagement_IRQn 0 */
 108:Core/Src/stm32l4xx_it.c **** 
 109:Core/Src/stm32l4xx_it.c ****   /* USER CODE END MemoryManagement_IRQn 0 */
 110:Core/Src/stm32l4xx_it.c ****   while (1)
  82              		.loc 1 110 3 discriminator 1 view .LVU9
 111:Core/Src/stm32l4xx_it.c ****   {
 112:Core/Src/stm32l4xx_it.c ****     /* USER CODE BEGIN W1_MemoryManagement_IRQn 0 */
 113:Core/Src/stm32l4xx_it.c ****     /* USER CODE END W1_MemoryManagement_IRQn 0 */
 114:Core/Src/stm32l4xx_it.c ****   }
  83              		.loc 1 114 3 discriminator 1 view .LVU10
 110:Core/Src/stm32l4xx_it.c ****   {
  84              		.loc 1 110 9 discriminator 1 view .LVU11
  85 0000 FEE7     		b	.L6
  86              		.cfi_endproc
  87              	.LFE134:
  89              		.section	.text.BusFault_Handler,"ax",%progbits
  90              		.align	1
  91              		.global	BusFault_Handler
  92              		.syntax unified
  93              		.thumb
  94              		.thumb_func
  96              	BusFault_Handler:
  97              	.LFB135:
 115:Core/Src/stm32l4xx_it.c **** }
 116:Core/Src/stm32l4xx_it.c **** 
 117:Core/Src/stm32l4xx_it.c **** /**
 118:Core/Src/stm32l4xx_it.c ****   * @brief This function handles Prefetch fault, memory access fault.
 119:Core/Src/stm32l4xx_it.c ****   */
 120:Core/Src/stm32l4xx_it.c **** void BusFault_Handler(void)
 121:Core/Src/stm32l4xx_it.c **** {
  98              		.loc 1 121 1 view -0
  99              		.cfi_startproc
 100              		@ Volatile: function does not return.
 101              		@ args = 0, pretend = 0, frame = 0
 102              		@ frame_needed = 0, uses_anonymous_args = 0
 103              		@ link register save eliminated.
 104              	.L8:
 122:Core/Src/stm32l4xx_it.c ****   /* USER CODE BEGIN BusFault_IRQn 0 */
 123:Core/Src/stm32l4xx_it.c **** 
 124:Core/Src/stm32l4xx_it.c ****   /* USER CODE END BusFault_IRQn 0 */
 125:Core/Src/stm32l4xx_it.c ****   while (1)
 105              		.loc 1 125 3 discriminator 1 view .LVU13
 126:Core/Src/stm32l4xx_it.c ****   {
 127:Core/Src/stm32l4xx_it.c ****     /* USER CODE BEGIN W1_BusFault_IRQn 0 */
ARM GAS  C:\Users\igorn\AppData\Local\Temp\cc4NQrKt.s 			page 5


 128:Core/Src/stm32l4xx_it.c ****     /* USER CODE END W1_BusFault_IRQn 0 */
 129:Core/Src/stm32l4xx_it.c ****   }
 106              		.loc 1 129 3 discriminator 1 view .LVU14
 125:Core/Src/stm32l4xx_it.c ****   {
 107              		.loc 1 125 9 discriminator 1 view .LVU15
 108 0000 FEE7     		b	.L8
 109              		.cfi_endproc
 110              	.LFE135:
 112              		.section	.text.UsageFault_Handler,"ax",%progbits
 113              		.align	1
 114              		.global	UsageFault_Handler
 115              		.syntax unified
 116              		.thumb
 117              		.thumb_func
 119              	UsageFault_Handler:
 120              	.LFB136:
 130:Core/Src/stm32l4xx_it.c **** }
 131:Core/Src/stm32l4xx_it.c **** 
 132:Core/Src/stm32l4xx_it.c **** /**
 133:Core/Src/stm32l4xx_it.c ****   * @brief This function handles Undefined instruction or illegal state.
 134:Core/Src/stm32l4xx_it.c ****   */
 135:Core/Src/stm32l4xx_it.c **** void UsageFault_Handler(void)
 136:Core/Src/stm32l4xx_it.c **** {
 121              		.loc 1 136 1 view -0
 122              		.cfi_startproc
 123              		@ Volatile: function does not return.
 124              		@ args = 0, pretend = 0, frame = 0
 125              		@ frame_needed = 0, uses_anonymous_args = 0
 126              		@ link register save eliminated.
 127              	.L10:
 137:Core/Src/stm32l4xx_it.c ****   /* USER CODE BEGIN UsageFault_IRQn 0 */
 138:Core/Src/stm32l4xx_it.c **** 
 139:Core/Src/stm32l4xx_it.c ****   /* USER CODE END UsageFault_IRQn 0 */
 140:Core/Src/stm32l4xx_it.c ****   while (1)
 128              		.loc 1 140 3 discriminator 1 view .LVU17
 141:Core/Src/stm32l4xx_it.c ****   {
 142:Core/Src/stm32l4xx_it.c ****     /* USER CODE BEGIN W1_UsageFault_IRQn 0 */
 143:Core/Src/stm32l4xx_it.c ****     /* USER CODE END W1_UsageFault_IRQn 0 */
 144:Core/Src/stm32l4xx_it.c ****   }
 129              		.loc 1 144 3 discriminator 1 view .LVU18
 140:Core/Src/stm32l4xx_it.c ****   {
 130              		.loc 1 140 9 discriminator 1 view .LVU19
 131 0000 FEE7     		b	.L10
 132              		.cfi_endproc
 133              	.LFE136:
 135              		.section	.text.SVC_Handler,"ax",%progbits
 136              		.align	1
 137              		.global	SVC_Handler
 138              		.syntax unified
 139              		.thumb
 140              		.thumb_func
 142              	SVC_Handler:
 143              	.LFB137:
 145:Core/Src/stm32l4xx_it.c **** }
 146:Core/Src/stm32l4xx_it.c **** 
 147:Core/Src/stm32l4xx_it.c **** /**
 148:Core/Src/stm32l4xx_it.c ****   * @brief This function handles System service call via SWI instruction.
ARM GAS  C:\Users\igorn\AppData\Local\Temp\cc4NQrKt.s 			page 6


 149:Core/Src/stm32l4xx_it.c ****   */
 150:Core/Src/stm32l4xx_it.c **** void SVC_Handler(void)
 151:Core/Src/stm32l4xx_it.c **** {
 144              		.loc 1 151 1 view -0
 145              		.cfi_startproc
 146              		@ args = 0, pretend = 0, frame = 0
 147              		@ frame_needed = 0, uses_anonymous_args = 0
 148              		@ link register save eliminated.
 152:Core/Src/stm32l4xx_it.c ****   /* USER CODE BEGIN SVCall_IRQn 0 */
 153:Core/Src/stm32l4xx_it.c **** 
 154:Core/Src/stm32l4xx_it.c ****   /* USER CODE END SVCall_IRQn 0 */
 155:Core/Src/stm32l4xx_it.c ****   /* USER CODE BEGIN SVCall_IRQn 1 */
 156:Core/Src/stm32l4xx_it.c **** 
 157:Core/Src/stm32l4xx_it.c ****   /* USER CODE END SVCall_IRQn 1 */
 158:Core/Src/stm32l4xx_it.c **** }
 149              		.loc 1 158 1 view .LVU21
 150 0000 7047     		bx	lr
 151              		.cfi_endproc
 152              	.LFE137:
 154              		.section	.text.DebugMon_Handler,"ax",%progbits
 155              		.align	1
 156              		.global	DebugMon_Handler
 157              		.syntax unified
 158              		.thumb
 159              		.thumb_func
 161              	DebugMon_Handler:
 162              	.LFB138:
 159:Core/Src/stm32l4xx_it.c **** 
 160:Core/Src/stm32l4xx_it.c **** /**
 161:Core/Src/stm32l4xx_it.c ****   * @brief This function handles Debug monitor.
 162:Core/Src/stm32l4xx_it.c ****   */
 163:Core/Src/stm32l4xx_it.c **** void DebugMon_Handler(void)
 164:Core/Src/stm32l4xx_it.c **** {
 163              		.loc 1 164 1 view -0
 164              		.cfi_startproc
 165              		@ args = 0, pretend = 0, frame = 0
 166              		@ frame_needed = 0, uses_anonymous_args = 0
 167              		@ link register save eliminated.
 165:Core/Src/stm32l4xx_it.c ****   /* USER CODE BEGIN DebugMonitor_IRQn 0 */
 166:Core/Src/stm32l4xx_it.c **** 
 167:Core/Src/stm32l4xx_it.c ****   /* USER CODE END DebugMonitor_IRQn 0 */
 168:Core/Src/stm32l4xx_it.c ****   /* USER CODE BEGIN DebugMonitor_IRQn 1 */
 169:Core/Src/stm32l4xx_it.c **** 
 170:Core/Src/stm32l4xx_it.c ****   /* USER CODE END DebugMonitor_IRQn 1 */
 171:Core/Src/stm32l4xx_it.c **** }
 168              		.loc 1 171 1 view .LVU23
 169 0000 7047     		bx	lr
 170              		.cfi_endproc
 171              	.LFE138:
 173              		.section	.text.PendSV_Handler,"ax",%progbits
 174              		.align	1
 175              		.global	PendSV_Handler
 176              		.syntax unified
 177              		.thumb
 178              		.thumb_func
 180              	PendSV_Handler:
 181              	.LFB139:
ARM GAS  C:\Users\igorn\AppData\Local\Temp\cc4NQrKt.s 			page 7


 172:Core/Src/stm32l4xx_it.c **** 
 173:Core/Src/stm32l4xx_it.c **** /**
 174:Core/Src/stm32l4xx_it.c ****   * @brief This function handles Pendable request for system service.
 175:Core/Src/stm32l4xx_it.c ****   */
 176:Core/Src/stm32l4xx_it.c **** void PendSV_Handler(void)
 177:Core/Src/stm32l4xx_it.c **** {
 182              		.loc 1 177 1 view -0
 183              		.cfi_startproc
 184              		@ args = 0, pretend = 0, frame = 0
 185              		@ frame_needed = 0, uses_anonymous_args = 0
 186              		@ link register save eliminated.
 178:Core/Src/stm32l4xx_it.c ****   /* USER CODE BEGIN PendSV_IRQn 0 */
 179:Core/Src/stm32l4xx_it.c **** 
 180:Core/Src/stm32l4xx_it.c ****   /* USER CODE END PendSV_IRQn 0 */
 181:Core/Src/stm32l4xx_it.c ****   /* USER CODE BEGIN PendSV_IRQn 1 */
 182:Core/Src/stm32l4xx_it.c **** 
 183:Core/Src/stm32l4xx_it.c ****   /* USER CODE END PendSV_IRQn 1 */
 184:Core/Src/stm32l4xx_it.c **** }
 187              		.loc 1 184 1 view .LVU25
 188 0000 7047     		bx	lr
 189              		.cfi_endproc
 190              	.LFE139:
 192              		.section	.text.SysTick_Handler,"ax",%progbits
 193              		.align	1
 194              		.global	SysTick_Handler
 195              		.syntax unified
 196              		.thumb
 197              		.thumb_func
 199              	SysTick_Handler:
 200              	.LFB140:
 185:Core/Src/stm32l4xx_it.c **** 
 186:Core/Src/stm32l4xx_it.c **** /**
 187:Core/Src/stm32l4xx_it.c ****   * @brief This function handles System tick timer.
 188:Core/Src/stm32l4xx_it.c ****   */
 189:Core/Src/stm32l4xx_it.c **** void SysTick_Handler(void)
 190:Core/Src/stm32l4xx_it.c **** {
 201              		.loc 1 190 1 view -0
 202              		.cfi_startproc
 203              		@ args = 0, pretend = 0, frame = 0
 204              		@ frame_needed = 0, uses_anonymous_args = 0
 205 0000 08B5     		push	{r3, lr}
 206              		.cfi_def_cfa_offset 8
 207              		.cfi_offset 3, -8
 208              		.cfi_offset 14, -4
 191:Core/Src/stm32l4xx_it.c ****   /* USER CODE BEGIN SysTick_IRQn 0 */
 192:Core/Src/stm32l4xx_it.c **** 
 193:Core/Src/stm32l4xx_it.c ****   /* USER CODE END SysTick_IRQn 0 */
 194:Core/Src/stm32l4xx_it.c ****   HAL_IncTick();
 209              		.loc 1 194 3 view .LVU27
 210 0002 FFF7FEFF 		bl	HAL_IncTick
 211              	.LVL0:
 195:Core/Src/stm32l4xx_it.c ****   /* USER CODE BEGIN SysTick_IRQn 1 */
 196:Core/Src/stm32l4xx_it.c ****   tick = true;
 212              		.loc 1 196 3 view .LVU28
 213              		.loc 1 196 8 is_stmt 0 view .LVU29
 214 0006 024B     		ldr	r3, .L16
 215 0008 0122     		movs	r2, #1
ARM GAS  C:\Users\igorn\AppData\Local\Temp\cc4NQrKt.s 			page 8


 216 000a 1A70     		strb	r2, [r3]
 197:Core/Src/stm32l4xx_it.c ****   /* USER CODE END SysTick_IRQn 1 */
 198:Core/Src/stm32l4xx_it.c **** }
 217              		.loc 1 198 1 view .LVU30
 218 000c 08BD     		pop	{r3, pc}
 219              	.L17:
 220 000e 00BF     		.align	2
 221              	.L16:
 222 0010 00000000 		.word	tick
 223              		.cfi_endproc
 224              	.LFE140:
 226              		.section	.text.USART1_IRQHandler,"ax",%progbits
 227              		.align	1
 228              		.global	USART1_IRQHandler
 229              		.syntax unified
 230              		.thumb
 231              		.thumb_func
 233              	USART1_IRQHandler:
 234              	.LFB141:
 199:Core/Src/stm32l4xx_it.c **** 
 200:Core/Src/stm32l4xx_it.c **** /******************************************************************************/
 201:Core/Src/stm32l4xx_it.c **** /* STM32L4xx Peripheral Interrupt Handlers                                    */
 202:Core/Src/stm32l4xx_it.c **** /* Add here the Interrupt Handlers for the used peripherals.                  */
 203:Core/Src/stm32l4xx_it.c **** /* For the available peripheral interrupt handler names,                      */
 204:Core/Src/stm32l4xx_it.c **** /* please refer to the startup file (startup_stm32l4xx.s).                    */
 205:Core/Src/stm32l4xx_it.c **** /******************************************************************************/
 206:Core/Src/stm32l4xx_it.c **** 
 207:Core/Src/stm32l4xx_it.c **** /**
 208:Core/Src/stm32l4xx_it.c ****   * @brief This function handles DMA1 channel2 global interrupt.
 209:Core/Src/stm32l4xx_it.c ****   */
 210:Core/Src/stm32l4xx_it.c **** 
 211:Core/Src/stm32l4xx_it.c **** /**
 212:Core/Src/stm32l4xx_it.c ****   * @brief This function handles TIM2 global interrupt.
 213:Core/Src/stm32l4xx_it.c ****   */
 214:Core/Src/stm32l4xx_it.c **** 
 215:Core/Src/stm32l4xx_it.c **** 
 216:Core/Src/stm32l4xx_it.c **** /**
 217:Core/Src/stm32l4xx_it.c ****   * @brief This function handles USART1 global interrupt.
 218:Core/Src/stm32l4xx_it.c ****   */
 219:Core/Src/stm32l4xx_it.c **** void USART1_IRQHandler(void)
 220:Core/Src/stm32l4xx_it.c **** {
 235              		.loc 1 220 1 is_stmt 1 view -0
 236              		.cfi_startproc
 237              		@ args = 0, pretend = 0, frame = 0
 238              		@ frame_needed = 0, uses_anonymous_args = 0
 239 0000 08B5     		push	{r3, lr}
 240              		.cfi_def_cfa_offset 8
 241              		.cfi_offset 3, -8
 242              		.cfi_offset 14, -4
 221:Core/Src/stm32l4xx_it.c ****   /* USER CODE BEGIN USART1_IRQn 0 */
 222:Core/Src/stm32l4xx_it.c **** 
 223:Core/Src/stm32l4xx_it.c ****   /* USER CODE END USART1_IRQn 0 */
 224:Core/Src/stm32l4xx_it.c ****   HAL_UART_IRQHandler(&huart1);
 243              		.loc 1 224 3 view .LVU32
 244 0002 0248     		ldr	r0, .L20
 245 0004 FFF7FEFF 		bl	HAL_UART_IRQHandler
 246              	.LVL1:
ARM GAS  C:\Users\igorn\AppData\Local\Temp\cc4NQrKt.s 			page 9


 225:Core/Src/stm32l4xx_it.c ****   /* USER CODE BEGIN USART1_IRQn 1 */
 226:Core/Src/stm32l4xx_it.c **** 
 227:Core/Src/stm32l4xx_it.c ****   /* USER CODE END USART1_IRQn 1 */
 228:Core/Src/stm32l4xx_it.c **** }
 247              		.loc 1 228 1 is_stmt 0 view .LVU33
 248 0008 08BD     		pop	{r3, pc}
 249              	.L21:
 250 000a 00BF     		.align	2
 251              	.L20:
 252 000c 00000000 		.word	huart1
 253              		.cfi_endproc
 254              	.LFE141:
 256              		.section	.text.USART2_IRQHandler,"ax",%progbits
 257              		.align	1
 258              		.global	USART2_IRQHandler
 259              		.syntax unified
 260              		.thumb
 261              		.thumb_func
 263              	USART2_IRQHandler:
 264              	.LFB142:
 229:Core/Src/stm32l4xx_it.c **** 
 230:Core/Src/stm32l4xx_it.c **** /**
 231:Core/Src/stm32l4xx_it.c ****   * @brief This function handles USART2 global interrupt.
 232:Core/Src/stm32l4xx_it.c ****   */
 233:Core/Src/stm32l4xx_it.c **** void USART2_IRQHandler(void)
 234:Core/Src/stm32l4xx_it.c **** {
 265              		.loc 1 234 1 is_stmt 1 view -0
 266              		.cfi_startproc
 267              		@ args = 0, pretend = 0, frame = 0
 268              		@ frame_needed = 0, uses_anonymous_args = 0
 269 0000 08B5     		push	{r3, lr}
 270              		.cfi_def_cfa_offset 8
 271              		.cfi_offset 3, -8
 272              		.cfi_offset 14, -4
 235:Core/Src/stm32l4xx_it.c ****   /* USER CODE BEGIN USART2_IRQn 0 */
 236:Core/Src/stm32l4xx_it.c **** 
 237:Core/Src/stm32l4xx_it.c ****   /* USER CODE END USART2_IRQn 0 */
 238:Core/Src/stm32l4xx_it.c ****   HAL_UART_IRQHandler(&huart2);
 273              		.loc 1 238 3 view .LVU35
 274 0002 0248     		ldr	r0, .L24
 275 0004 FFF7FEFF 		bl	HAL_UART_IRQHandler
 276              	.LVL2:
 239:Core/Src/stm32l4xx_it.c ****   /* USER CODE BEGIN USART2_IRQn 1 */
 240:Core/Src/stm32l4xx_it.c **** 
 241:Core/Src/stm32l4xx_it.c ****   /* USER CODE END USART2_IRQn 1 */
 242:Core/Src/stm32l4xx_it.c **** }
 277              		.loc 1 242 1 is_stmt 0 view .LVU36
 278 0008 08BD     		pop	{r3, pc}
 279              	.L25:
 280 000a 00BF     		.align	2
 281              	.L24:
 282 000c 00000000 		.word	huart2
 283              		.cfi_endproc
 284              	.LFE142:
 286              		.text
 287              	.Letext0:
 288              		.file 2 "c:\\users\\igorn\\appdata\\roaming\\code\\user\\globalstorage\\bmd.stm32-for-vscode\\@xpa
ARM GAS  C:\Users\igorn\AppData\Local\Temp\cc4NQrKt.s 			page 10


 289              		.file 3 "c:\\users\\igorn\\appdata\\roaming\\code\\user\\globalstorage\\bmd.stm32-for-vscode\\@xpa
 290              		.file 4 "Drivers/CMSIS/Device/ST/STM32L4xx/Include/stm32l433xx.h"
 291              		.file 5 "Drivers/STM32L4xx_HAL_Driver/Inc/stm32l4xx_hal_def.h"
 292              		.file 6 "Drivers/STM32L4xx_HAL_Driver/Inc/stm32l4xx_hal_dma.h"
 293              		.file 7 "Drivers/STM32L4xx_HAL_Driver/Inc/stm32l4xx_hal_uart.h"
 294              		.file 8 "Drivers/STM32L4xx_HAL_Driver/Inc/stm32l4xx_hal.h"
ARM GAS  C:\Users\igorn\AppData\Local\Temp\cc4NQrKt.s 			page 11


DEFINED SYMBOLS
                            *ABS*:00000000 stm32l4xx_it.c
C:\Users\igorn\AppData\Local\Temp\cc4NQrKt.s:21     .text.NMI_Handler:00000000 $t
C:\Users\igorn\AppData\Local\Temp\cc4NQrKt.s:27     .text.NMI_Handler:00000000 NMI_Handler
C:\Users\igorn\AppData\Local\Temp\cc4NQrKt.s:44     .text.HardFault_Handler:00000000 $t
C:\Users\igorn\AppData\Local\Temp\cc4NQrKt.s:50     .text.HardFault_Handler:00000000 HardFault_Handler
C:\Users\igorn\AppData\Local\Temp\cc4NQrKt.s:67     .text.MemManage_Handler:00000000 $t
C:\Users\igorn\AppData\Local\Temp\cc4NQrKt.s:73     .text.MemManage_Handler:00000000 MemManage_Handler
C:\Users\igorn\AppData\Local\Temp\cc4NQrKt.s:90     .text.BusFault_Handler:00000000 $t
C:\Users\igorn\AppData\Local\Temp\cc4NQrKt.s:96     .text.BusFault_Handler:00000000 BusFault_Handler
C:\Users\igorn\AppData\Local\Temp\cc4NQrKt.s:113    .text.UsageFault_Handler:00000000 $t
C:\Users\igorn\AppData\Local\Temp\cc4NQrKt.s:119    .text.UsageFault_Handler:00000000 UsageFault_Handler
C:\Users\igorn\AppData\Local\Temp\cc4NQrKt.s:136    .text.SVC_Handler:00000000 $t
C:\Users\igorn\AppData\Local\Temp\cc4NQrKt.s:142    .text.SVC_Handler:00000000 SVC_Handler
C:\Users\igorn\AppData\Local\Temp\cc4NQrKt.s:155    .text.DebugMon_Handler:00000000 $t
C:\Users\igorn\AppData\Local\Temp\cc4NQrKt.s:161    .text.DebugMon_Handler:00000000 DebugMon_Handler
C:\Users\igorn\AppData\Local\Temp\cc4NQrKt.s:174    .text.PendSV_Handler:00000000 $t
C:\Users\igorn\AppData\Local\Temp\cc4NQrKt.s:180    .text.PendSV_Handler:00000000 PendSV_Handler
C:\Users\igorn\AppData\Local\Temp\cc4NQrKt.s:193    .text.SysTick_Handler:00000000 $t
C:\Users\igorn\AppData\Local\Temp\cc4NQrKt.s:199    .text.SysTick_Handler:00000000 SysTick_Handler
C:\Users\igorn\AppData\Local\Temp\cc4NQrKt.s:222    .text.SysTick_Handler:00000010 $d
C:\Users\igorn\AppData\Local\Temp\cc4NQrKt.s:227    .text.USART1_IRQHandler:00000000 $t
C:\Users\igorn\AppData\Local\Temp\cc4NQrKt.s:233    .text.USART1_IRQHandler:00000000 USART1_IRQHandler
C:\Users\igorn\AppData\Local\Temp\cc4NQrKt.s:252    .text.USART1_IRQHandler:0000000c $d
C:\Users\igorn\AppData\Local\Temp\cc4NQrKt.s:257    .text.USART2_IRQHandler:00000000 $t
C:\Users\igorn\AppData\Local\Temp\cc4NQrKt.s:263    .text.USART2_IRQHandler:00000000 USART2_IRQHandler
C:\Users\igorn\AppData\Local\Temp\cc4NQrKt.s:282    .text.USART2_IRQHandler:0000000c $d

UNDEFINED SYMBOLS
HAL_IncTick
tick
HAL_UART_IRQHandler
huart1
huart2
